<?xml version="1.0" encoding="UTF-8"?>
<robot generator="Robot 7.3.2 (Python 3.14.2 on win32)" generated="2026-01-14T09:56:00.916786" rpa="false" schemaversion="5">
<suite id="s1" name="Regressaoportalexterno" source="C:\Users\nayara.vieira\Downloads\Robot-nova-versao\testes-funcionalidades\regressaoportalexterno.robot">
<test id="s1-t1" name="Acessar o portal externo" line="19">
<kw name="Configurar ambiente" owner="solar-parametros-funcionalidades" type="SETUP">
<kw name="New Browser" owner="Browser">
<msg time="2026-01-14T09:56:05.260857" level="INFO">{"browser": "chromium", "headless": false, "chromiumSandbox": false, "devtools": false, "handleSIGHUP": true, "handleSIGINT": true, "handleSIGTERM": true, "slowMo": 0.0, "timeout": 30000.0, "tracesDir": "C:\\Users\\nayara.vieira\\Downloads\\Robot-nova-versao\\testes-funcionalidades\\resultados\\browser\\traces\\temp\\c502a1ab-28a2-4d60-a1f1-d2a381921899"}</msg>
<msg time="2026-01-14T09:56:06.054267" level="INFO">Starting Browser process C:\Users\nayara.vieira\AppData\Local\Python\pythoncore-3.14-64\Lib\site-packages\Browser\wrapper\index.js using at 127.0.0.1:61568</msg>
<msg time="2026-01-14T09:56:11.709517" level="INFO">Successfully created browser with options: {"browser":"chromium","headless":false,"chromiumSandbox":false,"devtools":false,"handleSIGHUP":true,"handleSIGINT":true,"handleSIGTERM":true,"slowMo":0,"timeout":30000,"tracesDir":"C:\\Users\\nayara.vieira\\Downloads\\Robot-nova-versao\\testes-funcionalidades\\resultados\\browser\\traces\\temp\\c502a1ab-28a2-4d60-a1f1-d2a381921899"}</msg>
<arg>browser=${browser}</arg>
<arg>headless=${false}</arg>
<tag>BrowserControl</tag>
<tag>Setter</tag>
<doc>Create a new playwright Browser with specified options.</doc>
<status status="PASS" start="2026-01-14T09:56:05.258354" elapsed="6.451886"/>
</kw>
<kw name="New Context" owner="Browser">
<msg time="2026-01-14T09:56:11.720771" level="INFO">{
  "acceptDownloads": true,
  "bypassCSP": false,
  "forcedColors": "none",
  "ignoreHTTPSErrors": true,
  "javaScriptEnabled": true,
  "offline": false,
  "reducedMotion": "no-preference",
  "serviceWorkers": "allow",
  "viewport": {
    "height": 1080,
    "width": 1920
  }
}</msg>
<msg time="2026-01-14T09:56:11.938795" level="INFO">Successfully created context. </msg>
<msg time="2026-01-14T09:56:11.939218" level="INFO">{'acceptDownloads': True, 'bypassCSP': False, 'forcedColors': 'none', 'ignoreHTTPSErrors': True, 'javaScriptEnabled': True, 'offline': False, 'reducedMotion': 'no-preference', 'serviceWorkers': 'allow', 'viewport': {'height': 1080, 'width': 1920}}</msg>
<arg>viewport={'width': ${screenwidth}, 'height': ${screen_heigth}}</arg>
<arg>ignoreHTTPSErrors=True</arg>
<arg>acceptDownloads=True</arg>
<tag>BrowserControl</tag>
<tag>Setter</tag>
<doc>Create a new BrowserContext with specified options.</doc>
<status status="PASS" start="2026-01-14T09:56:11.711449" elapsed="0.228203"/>
</kw>
<kw name="Set Browser Timeout" owner="Browser">
<arg>25s</arg>
<tag>Config</tag>
<tag>Setter</tag>
<doc>Sets the timeout used by most input and getter keywords.</doc>
<status status="PASS" start="2026-01-14T09:56:11.943296" elapsed="0.014533"/>
</kw>
<kw name="Run Keyword If" owner="BuiltIn">
<kw name="Configuração de ambiente - Interna DES" owner="solar-parametros-funcionalidades">
<kw name="Delete All Cookies" owner="Browser">
<msg time="2026-01-14T09:56:12.881964" level="INFO">All cookies deleted.</msg>
<tag>BrowserControl</tag>
<tag>Setter</tag>
<doc>Deletes all cookies from the currently active browser context.</doc>
<status status="PASS" start="2026-01-14T09:56:11.965390" elapsed="0.917222"/>
</kw>
<kw name="Set Variable" owner="BuiltIn">
<msg time="2026-01-14T09:56:12.884960" level="INFO">${link_cliente} = https://solarbpm-des.ungp.softplan.com.br/</msg>
<var>${link_cliente}</var>
<arg>https://solarbpm-des.ungp.softplan.com.br/</arg>
<doc>Returns the given values which can then be assigned to a variables.</doc>
<status status="PASS" start="2026-01-14T09:56:12.883875" elapsed="0.001223"/>
</kw>
<kw name="Set Variable" owner="BuiltIn">
<msg time="2026-01-14T09:56:12.886734" level="INFO">${link_portal} = https://solarbpm-des.ungp.softplan.com.br/atendimento/inicio</msg>
<var>${link_portal}</var>
<arg>https://solarbpm-des.ungp.softplan.com.br/atendimento/inicio</arg>
<doc>Returns the given values which can then be assigned to a variables.</doc>
<status status="PASS" start="2026-01-14T09:56:12.885679" elapsed="0.001279"/>
</kw>
<kw name="Set Global Variable" owner="BuiltIn">
<msg time="2026-01-14T09:56:12.888516" level="INFO">${link_cliente} = https://solarbpm-des.ungp.softplan.com.br/</msg>
<arg>${link_cliente}</arg>
<doc>Makes a variable available globally in all tests and suites.</doc>
<status status="PASS" start="2026-01-14T09:56:12.887517" elapsed="0.001164"/>
</kw>
<kw name="Set Global Variable" owner="BuiltIn">
<msg time="2026-01-14T09:56:12.889999" level="INFO">${link_portal} = https://solarbpm-des.ungp.softplan.com.br/atendimento/inicio</msg>
<arg>${link_portal}</arg>
<doc>Makes a variable available globally in all tests and suites.</doc>
<status status="PASS" start="2026-01-14T09:56:12.889129" elapsed="0.001048"/>
</kw>
<kw name="Set Variable" owner="BuiltIn">
<msg time="2026-01-14T09:56:12.891366" level="INFO">${user_robot} = ROBOT</msg>
<var>${user_robot}</var>
<arg>ROBOT</arg>
<doc>Returns the given values which can then be assigned to a variables.</doc>
<status status="PASS" start="2026-01-14T09:56:12.890653" elapsed="0.000824"/>
</kw>
<kw name="Set Variable" owner="BuiltIn">
<msg time="2026-01-14T09:56:12.892604" level="INFO">${senha_robot} = SolarRobot@1</msg>
<var>${senha_robot}</var>
<arg>SolarRobot@1</arg>
<doc>Returns the given values which can then be assigned to a variables.</doc>
<status status="PASS" start="2026-01-14T09:56:12.891970" elapsed="0.000741"/>
</kw>
<kw name="Set Variable" owner="BuiltIn">
<msg time="2026-01-14T09:56:12.893647" level="INFO">${orgao} = SolarBPM</msg>
<var>${orgao}</var>
<arg>SolarBPM</arg>
<doc>Returns the given values which can then be assigned to a variables.</doc>
<status status="PASS" start="2026-01-14T09:56:12.893110" elapsed="0.000634"/>
</kw>
<kw name="Set Variable" owner="BuiltIn">
<msg time="2026-01-14T09:56:12.894690" level="INFO">${internacional} = nao</msg>
<var>${internacional}</var>
<arg>nao</arg>
<doc>Returns the given values which can then be assigned to a variables.</doc>
<status status="PASS" start="2026-01-14T09:56:12.894159" elapsed="0.000625"/>
</kw>
<kw name="Set Variable" owner="BuiltIn">
<msg time="2026-01-14T09:56:12.895651" level="INFO">${setor_encaminhamento} = SETOR1</msg>
<var>${setor_encaminhamento}</var>
<arg>SETOR1</arg>
<doc>Returns the given values which can then be assigned to a variables.</doc>
<status status="PASS" start="2026-01-14T09:56:12.895161" elapsed="0.000585"/>
</kw>
<kw name="Set Variable" owner="BuiltIn">
<msg time="2026-01-14T09:56:12.896694" level="INFO">${desc_setor_encaminhamento} = Setor um para teste de encaminhamento</msg>
<var>${desc_setor_encaminhamento}</var>
<arg>Setor um para teste de encaminhamento</arg>
<doc>Returns the given values which can then be assigned to a variables.</doc>
<status status="PASS" start="2026-01-14T09:56:12.896179" elapsed="0.000606"/>
</kw>
<kw name="Set Variable" owner="BuiltIn">
<msg time="2026-01-14T09:56:12.897631" level="INFO">${tipo_de_login} = padrao</msg>
<var>${tipo_de_login}</var>
<arg>padrao</arg>
<doc>Returns the given values which can then be assigned to a variables.</doc>
<status status="PASS" start="2026-01-14T09:56:12.897144" elapsed="0.000573"/>
</kw>
<kw name="Set Global Variable" owner="BuiltIn">
<msg time="2026-01-14T09:56:12.898846" level="INFO">${user_robot} = ROBOT</msg>
<arg>${user_robot}</arg>
<doc>Makes a variable available globally in all tests and suites.</doc>
<status status="PASS" start="2026-01-14T09:56:12.898119" elapsed="0.000884"/>
</kw>
<kw name="Set Global Variable" owner="BuiltIn">
<msg time="2026-01-14T09:56:12.900185" level="INFO">${senha_robot} = SolarRobot@1</msg>
<arg>${senha_robot}</arg>
<doc>Makes a variable available globally in all tests and suites.</doc>
<status status="PASS" start="2026-01-14T09:56:12.899398" elapsed="0.001026"/>
</kw>
<kw name="Set Global Variable" owner="BuiltIn">
<msg time="2026-01-14T09:56:12.901646" level="INFO">${orgao} = SolarBPM</msg>
<arg>${orgao}</arg>
<doc>Makes a variable available globally in all tests and suites.</doc>
<status status="PASS" start="2026-01-14T09:56:12.900857" elapsed="0.000950"/>
</kw>
<kw name="Set Global Variable" owner="BuiltIn">
<msg time="2026-01-14T09:56:12.903033" level="INFO">${internacional} = nao</msg>
<arg>${internacional}</arg>
<doc>Makes a variable available globally in all tests and suites.</doc>
<status status="PASS" start="2026-01-14T09:56:12.902269" elapsed="0.000914"/>
</kw>
<kw name="Import Variables" owner="BuiltIn">
<arg>C:\\Users\\nayara.vieira\\Downloads\\Robot-nova-versao\\variaveis\\vars_pt.py</arg>
<doc>Imports a variable file with the given path and optional arguments.</doc>
<status status="PASS" start="2026-01-14T09:56:12.903595" elapsed="0.005724"/>
</kw>
<kw name="Import Variables" owner="BuiltIn">
<arg>C:\\Users\\nayara.vieira\\Downloads\\Robot-nova-versao\\variaveis\\vars_des.py</arg>
<doc>Imports a variable file with the given path and optional arguments.</doc>
<status status="PASS" start="2026-01-14T09:56:12.909764" elapsed="0.006105"/>
</kw>
<kw name="Set Global Variable" owner="BuiltIn">
<msg time="2026-01-14T09:56:12.918024" level="INFO">${tipo_de_login} = padrao</msg>
<arg>${tipo_de_login}</arg>
<doc>Makes a variable available globally in all tests and suites.</doc>
<status status="PASS" start="2026-01-14T09:56:12.916597" elapsed="0.001717"/>
</kw>
<status status="PASS" start="2026-01-14T09:56:11.962946" elapsed="0.955779"/>
</kw>
<arg>'${cliente}' == 'preBarueri'</arg>
<arg>Configuração de ambiente em PRE - Barueri</arg>
<arg>ELSE IF</arg>
<arg>'${cliente}' == 'intDES'</arg>
<arg>Configuração de ambiente - Interna DES</arg>
<arg>ELSE IF</arg>
<arg>'${cliente}' == 'intDES2'</arg>
<arg>Configuração de ambiente - Interna DES2</arg>
<arg>ELSE IF</arg>
<arg>'${cliente}' == 'intCOR'</arg>
<arg>Configuração de ambiente - Interna COR</arg>
<arg>ELSE IF</arg>
<arg>'${cliente}' == 'intPRDT'</arg>
<arg>Configuração de ambiente - Interna Produto DES</arg>
<arg>ELSE IF</arg>
<arg>'${cliente}' == 'hmlMPSC'</arg>
<arg>Configuração de ambiente - MPSC HML</arg>
<arg>ELSE IF</arg>
<arg>'${cliente}' == 'Peru'</arg>
<arg>Configuração de ambiente - Internacionalização Peru</arg>
<arg>ELSE IF</arg>
<arg>'${cliente}' == 'hmlIMA'</arg>
<arg>Configuração de ambiente - HML IMA</arg>
<arg>ELSE IF</arg>
<arg>'${cliente}' == 'desPMF'</arg>
<arg>Configuração de ambiente - PMF DES</arg>
<arg>ELSE IF</arg>
<arg>'${cliente}' == 'hmlItapevi'</arg>
<arg>Configuração de ambiente - HML Itapevi</arg>
<arg>ELSE IF</arg>
<arg>'${cliente}' == 'hmlSemil'</arg>
<arg>Configuração de ambiente - Homologue Semil</arg>
<arg>ELSE IF</arg>
<arg>'${cliente}' == 'hmlCopasa'</arg>
<arg>Configuração de ambiente - HML Copasa</arg>
<arg>ELSE IF</arg>
<arg>'${cliente}' == 'hmlCamDiadema'</arg>
<arg>Configuração de ambiente - HML Camara de Diadema</arg>
<arg>ELSE</arg>
<arg>fail</arg>
<arg>Informar sigla de cliente. (Obs.: Não pode ser executado em PRO)</arg>
<doc>Runs the given keyword with the given arguments, if ``condition`` is true.</doc>
<status status="PASS" start="2026-01-14T09:56:11.959421" elapsed="0.959587"/>
</kw>
<status status="PASS" start="2026-01-14T09:56:05.256277" elapsed="7.663431"/>
</kw>
<kw name="Abrir portal externo" owner="solarBPMRegressaoPortalExternoKeywords">
<kw name="New Page" owner="Browser">
<msg time="2026-01-14T09:56:16.826073" level="INFO">Successfully initialized new page object and opened url: https://solarbpm-des.ungp.softplan.com.br/atendimento/inicio</msg>
<arg>${link_portal}</arg>
<tag>BrowserControl</tag>
<tag>Setter</tag>
<doc>Open a new Page.</doc>
<status status="PASS" start="2026-01-14T09:56:12.934784" elapsed="3.891986"/>
</kw>
<kw name="Wait For Load State" owner="Browser">
<msg time="2026-01-14T09:56:16.829530" level="INFO">Waiting page load to state to receive networkidle in 25000.0</msg>
<msg time="2026-01-14T09:56:18.662865" level="INFO">Load state networkidle got in 25000</msg>
<arg>networkidle</arg>
<tag>PageContent</tag>
<tag>Wait</tag>
<doc>Waits that the page reaches the required load state.</doc>
<status status="PASS" start="2026-01-14T09:56:16.827482" elapsed="1.835841"/>
</kw>
<doc>Abre o portal externo no navegador</doc>
<status status="PASS" start="2026-01-14T09:56:12.933216" elapsed="5.730444"/>
</kw>
<msg time="2026-01-14T09:56:18.712428" level="INFO">Switching context to context=c43428c8-040f-4ff7-96ca-8acb6a7a44f7 in CURRENT</msg>
<msg time="2026-01-14T09:56:18.734048" level="INFO">Successfully changed active context: context=c43428c8-040f-4ff7-96ca-8acb6a7a44f7</msg>
<msg time="2026-01-14T09:56:18.800171" level="INFO">Successfully closed Context</msg>
<doc>Valida acesso ao portal externo</doc>
<tag>acesso</tag>
<tag>portal</tag>
<tag>smoke</tag>
<status status="PASS" start="2026-01-14T09:56:05.253180" elapsed="13.411359"/>
</test>
<test id="s1-t2" name="Validar dados na tela inicio" line="24">
<kw name="Configurar ambiente" owner="solar-parametros-funcionalidades" type="SETUP">
<kw name="New Browser" owner="Browser">
<msg time="2026-01-14T09:56:18.847325" level="INFO">Switching browser to browser=ea05e729-0faa-432e-91b7-9f856142aa26</msg>
<msg time="2026-01-14T09:56:18.854396" level="INFO">Successfully changed active browser: browser=ea05e729-0faa-432e-91b7-9f856142aa26</msg>
<msg time="2026-01-14T09:56:18.854740" level="INFO">Reusing existing browser with id: browser=ea05e729-0faa-432e-91b7-9f856142aa26</msg>
<arg>browser=${browser}</arg>
<arg>headless=${false}</arg>
<tag>BrowserControl</tag>
<tag>Setter</tag>
<doc>Create a new playwright Browser with specified options.</doc>
<status status="PASS" start="2026-01-14T09:56:18.844265" elapsed="0.011275"/>
</kw>
<kw name="New Context" owner="Browser">
<msg time="2026-01-14T09:56:18.870756" level="INFO">{
  "acceptDownloads": true,
  "bypassCSP": false,
  "forcedColors": "none",
  "ignoreHTTPSErrors": true,
  "javaScriptEnabled": true,
  "offline": false,
  "reducedMotion": "no-preference",
  "serviceWorkers": "allow",
  "viewport": {
    "height": 1080,
    "width": 1920
  }
}</msg>
<msg time="2026-01-14T09:56:18.899896" level="INFO">Successfully created context. </msg>
<msg time="2026-01-14T09:56:18.900194" level="INFO">{'acceptDownloads': True, 'bypassCSP': False, 'forcedColors': 'none', 'ignoreHTTPSErrors': True, 'javaScriptEnabled': True, 'offline': False, 'reducedMotion': 'no-preference', 'serviceWorkers': 'allow', 'viewport': {'height': 1080, 'width': 1920}}</msg>
<arg>viewport={'width': ${screenwidth}, 'height': ${screen_heigth}}</arg>
<arg>ignoreHTTPSErrors=True</arg>
<arg>acceptDownloads=True</arg>
<tag>BrowserControl</tag>
<tag>Setter</tag>
<doc>Create a new BrowserContext with specified options.</doc>
<status status="PASS" start="2026-01-14T09:56:18.857191" elapsed="0.043355"/>
</kw>
<kw name="Set Browser Timeout" owner="Browser">
<arg>25s</arg>
<tag>Config</tag>
<tag>Setter</tag>
<doc>Sets the timeout used by most input and getter keywords.</doc>
<status status="PASS" start="2026-01-14T09:56:18.901232" elapsed="0.002418"/>
</kw>
<kw name="Run Keyword If" owner="BuiltIn">
<kw name="Configuração de ambiente - Interna DES" owner="solar-parametros-funcionalidades">
<kw name="Delete All Cookies" owner="Browser">
<msg time="2026-01-14T09:56:18.973806" level="INFO">All cookies deleted.</msg>
<tag>BrowserControl</tag>
<tag>Setter</tag>
<doc>Deletes all cookies from the currently active browser context.</doc>
<status status="PASS" start="2026-01-14T09:56:18.907800" elapsed="0.066645"/>
</kw>
<kw name="Set Variable" owner="BuiltIn">
<msg time="2026-01-14T09:56:18.976218" level="INFO">${link_cliente} = https://solarbpm-des.ungp.softplan.com.br/</msg>
<var>${link_cliente}</var>
<arg>https://solarbpm-des.ungp.softplan.com.br/</arg>
<doc>Returns the given values which can then be assigned to a variables.</doc>
<status status="PASS" start="2026-01-14T09:56:18.975161" elapsed="0.001274"/>
</kw>
<kw name="Set Variable" owner="BuiltIn">
<msg time="2026-01-14T09:56:18.977764" level="INFO">${link_portal} = https://solarbpm-des.ungp.softplan.com.br/atendimento/inicio</msg>
<var>${link_portal}</var>
<arg>https://solarbpm-des.ungp.softplan.com.br/atendimento/inicio</arg>
<doc>Returns the given values which can then be assigned to a variables.</doc>
<status status="PASS" start="2026-01-14T09:56:18.976971" elapsed="0.000906"/>
</kw>
<kw name="Set Global Variable" owner="BuiltIn">
<msg time="2026-01-14T09:56:18.979336" level="INFO">${link_cliente} = https://solarbpm-des.ungp.softplan.com.br/</msg>
<arg>${link_cliente}</arg>
<doc>Makes a variable available globally in all tests and suites.</doc>
<status status="PASS" start="2026-01-14T09:56:18.978337" elapsed="0.001192"/>
</kw>
<kw name="Set Global Variable" owner="BuiltIn">
<msg time="2026-01-14T09:56:18.980920" level="INFO">${link_portal} = https://solarbpm-des.ungp.softplan.com.br/atendimento/inicio</msg>
<arg>${link_portal}</arg>
<doc>Makes a variable available globally in all tests and suites.</doc>
<status status="PASS" start="2026-01-14T09:56:18.979984" elapsed="0.001117"/>
</kw>
<kw name="Set Variable" owner="BuiltIn">
<msg time="2026-01-14T09:56:18.982259" level="INFO">${user_robot} = ROBOT</msg>
<var>${user_robot}</var>
<arg>ROBOT</arg>
<doc>Returns the given values which can then be assigned to a variables.</doc>
<status status="PASS" start="2026-01-14T09:56:18.981576" elapsed="0.000789"/>
</kw>
<kw name="Set Variable" owner="BuiltIn">
<msg time="2026-01-14T09:56:18.983453" level="INFO">${senha_robot} = SolarRobot@1</msg>
<var>${senha_robot}</var>
<arg>SolarRobot@1</arg>
<doc>Returns the given values which can then be assigned to a variables.</doc>
<status status="PASS" start="2026-01-14T09:56:18.982781" elapsed="0.000780"/>
</kw>
<kw name="Set Variable" owner="BuiltIn">
<msg time="2026-01-14T09:56:18.984603" level="INFO">${orgao} = SolarBPM</msg>
<var>${orgao}</var>
<arg>SolarBPM</arg>
<doc>Returns the given values which can then be assigned to a variables.</doc>
<status status="PASS" start="2026-01-14T09:56:18.983979" elapsed="0.000727"/>
</kw>
<kw name="Set Variable" owner="BuiltIn">
<msg time="2026-01-14T09:56:18.985771" level="INFO">${internacional} = nao</msg>
<var>${internacional}</var>
<arg>nao</arg>
<doc>Returns the given values which can then be assigned to a variables.</doc>
<status status="PASS" start="2026-01-14T09:56:18.985119" elapsed="0.000756"/>
</kw>
<kw name="Set Variable" owner="BuiltIn">
<msg time="2026-01-14T09:56:18.986995" level="INFO">${setor_encaminhamento} = SETOR1</msg>
<var>${setor_encaminhamento}</var>
<arg>SETOR1</arg>
<doc>Returns the given values which can then be assigned to a variables.</doc>
<status status="PASS" start="2026-01-14T09:56:18.986291" elapsed="0.000814"/>
</kw>
<kw name="Set Variable" owner="BuiltIn">
<msg time="2026-01-14T09:56:18.988234" level="INFO">${desc_setor_encaminhamento} = Setor um para teste de encaminhamento</msg>
<var>${desc_setor_encaminhamento}</var>
<arg>Setor um para teste de encaminhamento</arg>
<doc>Returns the given values which can then be assigned to a variables.</doc>
<status status="PASS" start="2026-01-14T09:56:18.987562" elapsed="0.000781"/>
</kw>
<kw name="Set Variable" owner="BuiltIn">
<msg time="2026-01-14T09:56:18.989344" level="INFO">${tipo_de_login} = padrao</msg>
<var>${tipo_de_login}</var>
<arg>padrao</arg>
<doc>Returns the given values which can then be assigned to a variables.</doc>
<status status="PASS" start="2026-01-14T09:56:18.988756" elapsed="0.000727"/>
</kw>
<kw name="Set Global Variable" owner="BuiltIn">
<msg time="2026-01-14T09:56:18.990746" level="INFO">${user_robot} = ROBOT</msg>
<arg>${user_robot}</arg>
<doc>Makes a variable available globally in all tests and suites.</doc>
<status status="PASS" start="2026-01-14T09:56:18.989896" elapsed="0.001021"/>
</kw>
<kw name="Set Global Variable" owner="BuiltIn">
<msg time="2026-01-14T09:56:18.992172" level="INFO">${senha_robot} = SolarRobot@1</msg>
<arg>${senha_robot}</arg>
<doc>Makes a variable available globally in all tests and suites.</doc>
<status status="PASS" start="2026-01-14T09:56:18.991319" elapsed="0.001008"/>
</kw>
<kw name="Set Global Variable" owner="BuiltIn">
<msg time="2026-01-14T09:56:18.993875" level="INFO">${orgao} = SolarBPM</msg>
<arg>${orgao}</arg>
<doc>Makes a variable available globally in all tests and suites.</doc>
<status status="PASS" start="2026-01-14T09:56:18.992934" elapsed="0.001115"/>
</kw>
<kw name="Set Global Variable" owner="BuiltIn">
<msg time="2026-01-14T09:56:18.995327" level="INFO">${internacional} = nao</msg>
<arg>${internacional}</arg>
<doc>Makes a variable available globally in all tests and suites.</doc>
<status status="PASS" start="2026-01-14T09:56:18.994471" elapsed="0.001841"/>
</kw>
<kw name="Import Variables" owner="BuiltIn">
<arg>C:\\Users\\nayara.vieira\\Downloads\\Robot-nova-versao\\variaveis\\vars_pt.py</arg>
<doc>Imports a variable file with the given path and optional arguments.</doc>
<status status="PASS" start="2026-01-14T09:56:18.996883" elapsed="0.003029"/>
</kw>
<kw name="Import Variables" owner="BuiltIn">
<arg>C:\\Users\\nayara.vieira\\Downloads\\Robot-nova-versao\\variaveis\\vars_des.py</arg>
<doc>Imports a variable file with the given path and optional arguments.</doc>
<status status="PASS" start="2026-01-14T09:56:19.000406" elapsed="0.001883"/>
</kw>
<kw name="Set Global Variable" owner="BuiltIn">
<msg time="2026-01-14T09:56:19.003878" level="INFO">${tipo_de_login} = padrao</msg>
<arg>${tipo_de_login}</arg>
<doc>Makes a variable available globally in all tests and suites.</doc>
<status status="PASS" start="2026-01-14T09:56:19.002812" elapsed="0.001245"/>
</kw>
<status status="PASS" start="2026-01-14T09:56:18.906600" elapsed="0.097727"/>
</kw>
<arg>'${cliente}' == 'preBarueri'</arg>
<arg>Configuração de ambiente em PRE - Barueri</arg>
<arg>ELSE IF</arg>
<arg>'${cliente}' == 'intDES'</arg>
<arg>Configuração de ambiente - Interna DES</arg>
<arg>ELSE IF</arg>
<arg>'${cliente}' == 'intDES2'</arg>
<arg>Configuração de ambiente - Interna DES2</arg>
<arg>ELSE IF</arg>
<arg>'${cliente}' == 'intCOR'</arg>
<arg>Configuração de ambiente - Interna COR</arg>
<arg>ELSE IF</arg>
<arg>'${cliente}' == 'intPRDT'</arg>
<arg>Configuração de ambiente - Interna Produto DES</arg>
<arg>ELSE IF</arg>
<arg>'${cliente}' == 'hmlMPSC'</arg>
<arg>Configuração de ambiente - MPSC HML</arg>
<arg>ELSE IF</arg>
<arg>'${cliente}' == 'Peru'</arg>
<arg>Configuração de ambiente - Internacionalização Peru</arg>
<arg>ELSE IF</arg>
<arg>'${cliente}' == 'hmlIMA'</arg>
<arg>Configuração de ambiente - HML IMA</arg>
<arg>ELSE IF</arg>
<arg>'${cliente}' == 'desPMF'</arg>
<arg>Configuração de ambiente - PMF DES</arg>
<arg>ELSE IF</arg>
<arg>'${cliente}' == 'hmlItapevi'</arg>
<arg>Configuração de ambiente - HML Itapevi</arg>
<arg>ELSE IF</arg>
<arg>'${cliente}' == 'hmlSemil'</arg>
<arg>Configuração de ambiente - Homologue Semil</arg>
<arg>ELSE IF</arg>
<arg>'${cliente}' == 'hmlCopasa'</arg>
<arg>Configuração de ambiente - HML Copasa</arg>
<arg>ELSE IF</arg>
<arg>'${cliente}' == 'hmlCamDiadema'</arg>
<arg>Configuração de ambiente - HML Camara de Diadema</arg>
<arg>ELSE</arg>
<arg>fail</arg>
<arg>Informar sigla de cliente. (Obs.: Não pode ser executado em PRO)</arg>
<doc>Runs the given keyword with the given arguments, if ``condition`` is true.</doc>
<status status="PASS" start="2026-01-14T09:56:18.904332" elapsed="0.100205"/>
</kw>
<status status="PASS" start="2026-01-14T09:56:18.842674" elapsed="0.162456"/>
</kw>
<kw name="Abrir portal externo" owner="solarBPMRegressaoPortalExternoKeywords">
<kw name="New Page" owner="Browser">
<msg time="2026-01-14T09:56:21.155356" level="INFO">Successfully initialized new page object and opened url: https://solarbpm-des.ungp.softplan.com.br/atendimento/inicio</msg>
<arg>${link_portal}</arg>
<tag>BrowserControl</tag>
<tag>Setter</tag>
<doc>Open a new Page.</doc>
<status status="PASS" start="2026-01-14T09:56:19.009839" elapsed="2.146256"/>
</kw>
<kw name="Wait For Load State" owner="Browser">
<msg time="2026-01-14T09:56:21.158711" level="INFO">Waiting page load to state to receive networkidle in 25000.0</msg>
<msg time="2026-01-14T09:56:22.696214" level="INFO">Load state networkidle got in 25000</msg>
<arg>networkidle</arg>
<tag>PageContent</tag>
<tag>Wait</tag>
<doc>Waits that the page reaches the required load state.</doc>
<status status="PASS" start="2026-01-14T09:56:21.156804" elapsed="1.539789"/>
</kw>
<doc>Abre o portal externo no navegador</doc>
<status status="PASS" start="2026-01-14T09:56:19.008538" elapsed="3.688337"/>
</kw>
<kw name="Get Text" owner="Browser">
<msg time="2026-01-14T09:56:22.832887" level="INFO">Text: 'Vá para o conteúdo\nSoftplan Planejamento e Sistemas\ncontrast\nAlto Contraste\nlanguage\nIdioma\nhome\nInício\nballot\nConsulta de Processos\nassignment\nConferência de Documentos\ncreate_new_folder\nSolicitação de Serviços\nexit_to_app\nEntrar\nBem vindo ao Portal de Atendimento\nABERTURA DE SERVIÇOS\n\nAbertura de Serviços e Informações de Interesse do Cidadão\n\nCONFERÊNCIA DE DOCUMENTOS\n\nConfira documentos de maneira mais simples\n\nCONSULTA DE PROCESSOS\n\nConsulte os detalhes de um processo\n\nMEUS PROCESSOS\n\nAcompanhar o andamento do seus processos\n\nMINHAS PENDÊNCIAS\n\nResolva pendência de um processo\n\nPROCESSOS LIBERADOS\n\nVeja os processos liberados para você\n\nASSINATURA DIGITAL\n\nAssine seus documentos de maneira digital e prática\n\nO Portal de Atendimento é a ferramenta ideal para aproximar o Governo da sociedade, sendo uma central de serviços totalmente digital disponível em qualquer lugar, a qualquer hora do dia ou da noite. O principal objetivo é levar para o ambiente digital os serviços já estabelecidos no atendimento presencial, dando mais autonomia para o cidadão e trazendo mais celeridade ao processo.'</msg>
<arg>body</arg>
<arg>*=</arg>
<arg>Planejamento e Sistemas</arg>
<tag>Assertion</tag>
<tag>Getter</tag>
<tag>PageContent</tag>
<doc>Returns text attribute of the element found by ``selector``.</doc>
<status status="PASS" start="2026-01-14T09:56:22.697608" elapsed="0.135634"/>
</kw>
<kw name="Take Screenshot" owner="Browser">
<msg time="2026-01-14T09:56:23.550871" level="INFO" html="true">&lt;/td&gt;&lt;/tr&gt;&lt;tr&gt;&lt;td colspan="3"&gt;&lt;a href="browser/screenshot/robotframework-browser-screenshot-1.png" target="_blank"&gt;&lt;img src="browser/screenshot/robotframework-browser-screenshot-1.png" width="800px"/&gt;&lt;/a&gt;</msg>
<tag>PageContent</tag>
<doc>Takes a screenshot of the current window or element and saves it to disk.</doc>
<status status="PASS" start="2026-01-14T09:56:22.834218" elapsed="0.717043"/>
</kw>
<msg time="2026-01-14T09:56:23.580526" level="INFO">Switching context to context=663ad620-cad6-4c77-a701-eed618332b37 in CURRENT</msg>
<msg time="2026-01-14T09:56:23.598211" level="INFO">Successfully changed active context: context=663ad620-cad6-4c77-a701-eed618332b37</msg>
<msg time="2026-01-14T09:56:23.668032" level="INFO">Successfully closed Context</msg>
<doc>Valida dados da tela inicial</doc>
<tag>inicio</tag>
<tag>smoke</tag>
<tag>validacao</tag>
<status status="PASS" start="2026-01-14T09:56:18.815614" elapsed="4.736690"/>
</test>
<test id="s1-t3" name="Validar dados na tela de consulta de processos" line="31">
<kw name="Configurar ambiente" owner="solar-parametros-funcionalidades" type="SETUP">
<kw name="New Browser" owner="Browser">
<msg time="2026-01-14T09:56:23.698600" level="INFO">Switching browser to browser=ea05e729-0faa-432e-91b7-9f856142aa26</msg>
<msg time="2026-01-14T09:56:23.708382" level="INFO">Successfully changed active browser: browser=ea05e729-0faa-432e-91b7-9f856142aa26</msg>
<msg time="2026-01-14T09:56:23.708797" level="INFO">Reusing existing browser with id: browser=ea05e729-0faa-432e-91b7-9f856142aa26</msg>
<arg>browser=${browser}</arg>
<arg>headless=${false}</arg>
<tag>BrowserControl</tag>
<tag>Setter</tag>
<doc>Create a new playwright Browser with specified options.</doc>
<status status="PASS" start="2026-01-14T09:56:23.694984" elapsed="0.014116"/>
</kw>
<kw name="New Context" owner="Browser">
<msg time="2026-01-14T09:56:23.723348" level="INFO">{
  "acceptDownloads": true,
  "bypassCSP": false,
  "forcedColors": "none",
  "ignoreHTTPSErrors": true,
  "javaScriptEnabled": true,
  "offline": false,
  "reducedMotion": "no-preference",
  "serviceWorkers": "allow",
  "viewport": {
    "height": 1080,
    "width": 1920
  }
}</msg>
<msg time="2026-01-14T09:56:23.835041" level="INFO">Successfully created context. </msg>
<msg time="2026-01-14T09:56:23.835356" level="INFO">{'acceptDownloads': True, 'bypassCSP': False, 'forcedColors': 'none', 'ignoreHTTPSErrors': True, 'javaScriptEnabled': True, 'offline': False, 'reducedMotion': 'no-preference', 'serviceWorkers': 'allow', 'viewport': {'height': 1080, 'width': 1920}}</msg>
<arg>viewport={'width': ${screenwidth}, 'height': ${screen_heigth}}</arg>
<arg>ignoreHTTPSErrors=True</arg>
<arg>acceptDownloads=True</arg>
<tag>BrowserControl</tag>
<tag>Setter</tag>
<doc>Create a new BrowserContext with specified options.</doc>
<status status="PASS" start="2026-01-14T09:56:23.710166" elapsed="0.125510"/>
</kw>
<kw name="Set Browser Timeout" owner="Browser">
<arg>25s</arg>
<tag>Config</tag>
<tag>Setter</tag>
<doc>Sets the timeout used by most input and getter keywords.</doc>
<status status="PASS" start="2026-01-14T09:56:23.836385" elapsed="0.002941"/>
</kw>
<kw name="Run Keyword If" owner="BuiltIn">
<kw name="Configuração de ambiente - Interna DES" owner="solar-parametros-funcionalidades">
<kw name="Delete All Cookies" owner="Browser">
<msg time="2026-01-14T09:56:23.858579" level="INFO">All cookies deleted.</msg>
<tag>BrowserControl</tag>
<tag>Setter</tag>
<doc>Deletes all cookies from the currently active browser context.</doc>
<status status="PASS" start="2026-01-14T09:56:23.844033" elapsed="0.015765"/>
</kw>
<kw name="Set Variable" owner="BuiltIn">
<msg time="2026-01-14T09:56:23.861887" level="INFO">${link_cliente} = https://solarbpm-des.ungp.softplan.com.br/</msg>
<var>${link_cliente}</var>
<arg>https://solarbpm-des.ungp.softplan.com.br/</arg>
<doc>Returns the given values which can then be assigned to a variables.</doc>
<status status="PASS" start="2026-01-14T09:56:23.860765" elapsed="0.001261"/>
</kw>
<kw name="Set Variable" owner="BuiltIn">
<msg time="2026-01-14T09:56:23.863292" level="INFO">${link_portal} = https://solarbpm-des.ungp.softplan.com.br/atendimento/inicio</msg>
<var>${link_portal}</var>
<arg>https://solarbpm-des.ungp.softplan.com.br/atendimento/inicio</arg>
<doc>Returns the given values which can then be assigned to a variables.</doc>
<status status="PASS" start="2026-01-14T09:56:23.862539" elapsed="0.000864"/>
</kw>
<kw name="Set Global Variable" owner="BuiltIn">
<msg time="2026-01-14T09:56:23.864778" level="INFO">${link_cliente} = https://solarbpm-des.ungp.softplan.com.br/</msg>
<arg>${link_cliente}</arg>
<doc>Makes a variable available globally in all tests and suites.</doc>
<status status="PASS" start="2026-01-14T09:56:23.863860" elapsed="0.001087"/>
</kw>
<kw name="Set Global Variable" owner="BuiltIn">
<msg time="2026-01-14T09:56:23.866339" level="INFO">${link_portal} = https://solarbpm-des.ungp.softplan.com.br/atendimento/inicio</msg>
<arg>${link_portal}</arg>
<doc>Makes a variable available globally in all tests and suites.</doc>
<status status="PASS" start="2026-01-14T09:56:23.865417" elapsed="0.001087"/>
</kw>
<kw name="Set Variable" owner="BuiltIn">
<msg time="2026-01-14T09:56:23.867645" level="INFO">${user_robot} = ROBOT</msg>
<var>${user_robot}</var>
<arg>ROBOT</arg>
<doc>Returns the given values which can then be assigned to a variables.</doc>
<status status="PASS" start="2026-01-14T09:56:23.866931" elapsed="0.000824"/>
</kw>
<kw name="Set Variable" owner="BuiltIn">
<msg time="2026-01-14T09:56:23.868870" level="INFO">${senha_robot} = SolarRobot@1</msg>
<var>${senha_robot}</var>
<arg>SolarRobot@1</arg>
<doc>Returns the given values which can then be assigned to a variables.</doc>
<status status="PASS" start="2026-01-14T09:56:23.868190" elapsed="0.000895"/>
</kw>
<kw name="Set Variable" owner="BuiltIn">
<msg time="2026-01-14T09:56:23.870230" level="INFO">${orgao} = SolarBPM</msg>
<var>${orgao}</var>
<arg>SolarBPM</arg>
<doc>Returns the given values which can then be assigned to a variables.</doc>
<status status="PASS" start="2026-01-14T09:56:23.869573" elapsed="0.000770"/>
</kw>
<kw name="Set Variable" owner="BuiltIn">
<msg time="2026-01-14T09:56:23.871943" level="INFO">${internacional} = nao</msg>
<var>${internacional}</var>
<arg>nao</arg>
<doc>Returns the given values which can then be assigned to a variables.</doc>
<status status="PASS" start="2026-01-14T09:56:23.871069" elapsed="0.001054"/>
</kw>
<kw name="Set Variable" owner="BuiltIn">
<msg time="2026-01-14T09:56:23.873360" level="INFO">${setor_encaminhamento} = SETOR1</msg>
<var>${setor_encaminhamento}</var>
<arg>SETOR1</arg>
<doc>Returns the given values which can then be assigned to a variables.</doc>
<status status="PASS" start="2026-01-14T09:56:23.872623" elapsed="0.000858"/>
</kw>
<kw name="Set Variable" owner="BuiltIn">
<msg time="2026-01-14T09:56:23.874646" level="INFO">${desc_setor_encaminhamento} = Setor um para teste de encaminhamento</msg>
<var>${desc_setor_encaminhamento}</var>
<arg>Setor um para teste de encaminhamento</arg>
<doc>Returns the given values which can then be assigned to a variables.</doc>
<status status="PASS" start="2026-01-14T09:56:23.873925" elapsed="0.000835"/>
</kw>
<kw name="Set Variable" owner="BuiltIn">
<msg time="2026-01-14T09:56:23.876154" level="INFO">${tipo_de_login} = padrao</msg>
<var>${tipo_de_login}</var>
<arg>padrao</arg>
<doc>Returns the given values which can then be assigned to a variables.</doc>
<status status="PASS" start="2026-01-14T09:56:23.875189" elapsed="0.001113"/>
</kw>
<kw name="Set Global Variable" owner="BuiltIn">
<msg time="2026-01-14T09:56:23.878418" level="INFO">${user_robot} = ROBOT</msg>
<arg>${user_robot}</arg>
<doc>Makes a variable available globally in all tests and suites.</doc>
<status status="PASS" start="2026-01-14T09:56:23.876902" elapsed="0.001746"/>
</kw>
<kw name="Set Global Variable" owner="BuiltIn">
<msg time="2026-01-14T09:56:23.880137" level="INFO">${senha_robot} = SolarRobot@1</msg>
<arg>${senha_robot}</arg>
<doc>Makes a variable available globally in all tests and suites.</doc>
<status status="PASS" start="2026-01-14T09:56:23.879182" elapsed="0.001118"/>
</kw>
<kw name="Set Global Variable" owner="BuiltIn">
<msg time="2026-01-14T09:56:23.881587" level="INFO">${orgao} = SolarBPM</msg>
<arg>${orgao}</arg>
<doc>Makes a variable available globally in all tests and suites.</doc>
<status status="PASS" start="2026-01-14T09:56:23.880725" elapsed="0.001019"/>
</kw>
<kw name="Set Global Variable" owner="BuiltIn">
<msg time="2026-01-14T09:56:23.882968" level="INFO">${internacional} = nao</msg>
<arg>${internacional}</arg>
<doc>Makes a variable available globally in all tests and suites.</doc>
<status status="PASS" start="2026-01-14T09:56:23.882145" elapsed="0.001025"/>
</kw>
<kw name="Import Variables" owner="BuiltIn">
<arg>C:\\Users\\nayara.vieira\\Downloads\\Robot-nova-versao\\variaveis\\vars_pt.py</arg>
<doc>Imports a variable file with the given path and optional arguments.</doc>
<status status="PASS" start="2026-01-14T09:56:23.883582" elapsed="0.002860"/>
</kw>
<kw name="Import Variables" owner="BuiltIn">
<arg>C:\\Users\\nayara.vieira\\Downloads\\Robot-nova-versao\\variaveis\\vars_des.py</arg>
<doc>Imports a variable file with the given path and optional arguments.</doc>
<status status="PASS" start="2026-01-14T09:56:23.887010" elapsed="0.001876"/>
</kw>
<kw name="Set Global Variable" owner="BuiltIn">
<msg time="2026-01-14T09:56:23.890988" level="INFO">${tipo_de_login} = padrao</msg>
<arg>${tipo_de_login}</arg>
<doc>Makes a variable available globally in all tests and suites.</doc>
<status status="PASS" start="2026-01-14T09:56:23.889406" elapsed="0.001888"/>
</kw>
<status status="PASS" start="2026-01-14T09:56:23.842751" elapsed="0.048877"/>
</kw>
<arg>'${cliente}' == 'preBarueri'</arg>
<arg>Configuração de ambiente em PRE - Barueri</arg>
<arg>ELSE IF</arg>
<arg>'${cliente}' == 'intDES'</arg>
<arg>Configuração de ambiente - Interna DES</arg>
<arg>ELSE IF</arg>
<arg>'${cliente}' == 'intDES2'</arg>
<arg>Configuração de ambiente - Interna DES2</arg>
<arg>ELSE IF</arg>
<arg>'${cliente}' == 'intCOR'</arg>
<arg>Configuração de ambiente - Interna COR</arg>
<arg>ELSE IF</arg>
<arg>'${cliente}' == 'intPRDT'</arg>
<arg>Configuração de ambiente - Interna Produto DES</arg>
<arg>ELSE IF</arg>
<arg>'${cliente}' == 'hmlMPSC'</arg>
<arg>Configuração de ambiente - MPSC HML</arg>
<arg>ELSE IF</arg>
<arg>'${cliente}' == 'Peru'</arg>
<arg>Configuração de ambiente - Internacionalização Peru</arg>
<arg>ELSE IF</arg>
<arg>'${cliente}' == 'hmlIMA'</arg>
<arg>Configuração de ambiente - HML IMA</arg>
<arg>ELSE IF</arg>
<arg>'${cliente}' == 'desPMF'</arg>
<arg>Configuração de ambiente - PMF DES</arg>
<arg>ELSE IF</arg>
<arg>'${cliente}' == 'hmlItapevi'</arg>
<arg>Configuração de ambiente - HML Itapevi</arg>
<arg>ELSE IF</arg>
<arg>'${cliente}' == 'hmlSemil'</arg>
<arg>Configuração de ambiente - Homologue Semil</arg>
<arg>ELSE IF</arg>
<arg>'${cliente}' == 'hmlCopasa'</arg>
<arg>Configuração de ambiente - HML Copasa</arg>
<arg>ELSE IF</arg>
<arg>'${cliente}' == 'hmlCamDiadema'</arg>
<arg>Configuração de ambiente - HML Camara de Diadema</arg>
<arg>ELSE</arg>
<arg>fail</arg>
<arg>Informar sigla de cliente. (Obs.: Não pode ser executado em PRO)</arg>
<doc>Runs the given keyword with the given arguments, if ``condition`` is true.</doc>
<status status="PASS" start="2026-01-14T09:56:23.840221" elapsed="0.051643"/>
</kw>
<status status="PASS" start="2026-01-14T09:56:23.693562" elapsed="0.198932"/>
</kw>
<kw name="Acessar tela de consulta de processos" owner="solarBPMRegressaoPortalExternoKeywords">
<kw name="Abrir portal externo" owner="solarBPMRegressaoPortalExternoKeywords">
<kw name="New Page" owner="Browser">
<msg time="2026-01-14T09:56:26.989613" level="INFO">Successfully initialized new page object and opened url: https://solarbpm-des.ungp.softplan.com.br/atendimento/inicio</msg>
<arg>${link_portal}</arg>
<tag>BrowserControl</tag>
<tag>Setter</tag>
<doc>Open a new Page.</doc>
<status status="PASS" start="2026-01-14T09:56:23.954630" elapsed="3.035658"/>
</kw>
<kw name="Wait For Load State" owner="Browser">
<msg time="2026-01-14T09:56:26.995310" level="INFO">Waiting page load to state to receive networkidle in 25000.0</msg>
<msg time="2026-01-14T09:56:28.737054" level="INFO">Load state networkidle got in 25000</msg>
<arg>networkidle</arg>
<tag>PageContent</tag>
<tag>Wait</tag>
<doc>Waits that the page reaches the required load state.</doc>
<status status="PASS" start="2026-01-14T09:56:26.992083" elapsed="1.745389"/>
</kw>
<doc>Abre o portal externo no navegador</doc>
<status status="PASS" start="2026-01-14T09:56:23.953057" elapsed="4.784789"/>
</kw>
<kw name="Click" owner="Browser">
<msg time="2026-01-14T09:56:28.740283" level="INFO">Clicks the element '//a[@aria-label='Consulta de Processos']//span[contains(text(),'Consulta de Processos')]'.</msg>
<arg>//a[@aria-label='Consulta de Processos']//span[contains(text(),'Consulta de Processos')]</arg>
<tag>PageContent</tag>
<tag>Setter</tag>
<doc>Simulates mouse click on the element found by ``selector``.</doc>
<status status="PASS" start="2026-01-14T09:56:28.738451" elapsed="0.182029"/>
</kw>
<kw name="Wait For Elements State" owner="Browser">
<msg time="2026-01-14T09:56:29.035240" level="INFO">Waited for Element with selector //h2[normalize-space()='Consulta de Processos'] at state visible</msg>
<arg>//h2[normalize-space()='Consulta de Processos']</arg>
<arg>visible</arg>
<arg>10s</arg>
<tag>PageContent</tag>
<tag>Wait</tag>
<doc>Waits for the element found by ``selector`` to satisfy state option.</doc>
<status status="PASS" start="2026-01-14T09:56:28.921107" elapsed="0.114626"/>
</kw>
<kw name="Take Screenshot" owner="Browser">
<msg time="2026-01-14T09:56:29.681623" level="INFO" html="true">&lt;/td&gt;&lt;/tr&gt;&lt;tr&gt;&lt;td colspan="3"&gt;&lt;a href="browser/screenshot/robotframework-browser-screenshot-2.png" target="_blank"&gt;&lt;img src="browser/screenshot/robotframework-browser-screenshot-2.png" width="800px"/&gt;&lt;/a&gt;</msg>
<tag>PageContent</tag>
<doc>Takes a screenshot of the current window or element and saves it to disk.</doc>
<status status="PASS" start="2026-01-14T09:56:29.036470" elapsed="0.645683"/>
</kw>
<doc>Acessa a tela de consulta de processos</doc>
<status status="PASS" start="2026-01-14T09:56:23.951508" elapsed="5.731043"/>
</kw>
<kw name="Get Text" owner="Browser">
<msg time="2026-01-14T09:56:29.768711" level="INFO">Text: 'Vá para o conteúdo\nSoftplan Planejamento e Sistemas\ncontrast\nAlto Contraste\nlanguage\nIdioma\nhome\nInício\nballot\nConsulta de Processos\nassignment\nConferência de Documentos\ncreate_new_folder\nSolicitação de Serviços\nexit_to_app\nEntrar\nVoltar\nConsulta de Processos\nConsulte o andamento de processos digitais, informando o número do processo, nos quais você é parte interessada ou das pessoas que você representa legalmente.\nO nº do processo/documento é formatado por:\n1. Sigla do órgão\n2. Procedência\n3. Número sequencial\n4. Ano (4 dígitos)\nNº. Processo:\nÓrgão*\nsearch\nInterno\nExterno\nFuncional\nProcedência*\narrow_drop_down\nNúmero*\n/\nAno*\nlive_help\nLimpar\nConsultar'</msg>
<arg>body</arg>
<arg>*=</arg>
<arg>Consulte o andamento de processos digitais</arg>
<tag>Assertion</tag>
<tag>Getter</tag>
<tag>PageContent</tag>
<doc>Returns text attribute of the element found by ``selector``.</doc>
<status status="PASS" start="2026-01-14T09:56:29.683858" elapsed="0.085276"/>
</kw>
<kw name="Click" owner="Browser">
<msg time="2026-01-14T09:56:29.774153" level="INFO">Clicks the element '//i[normalize-space()='search']'.</msg>
<arg>//i[normalize-space()='search']</arg>
<tag>PageContent</tag>
<tag>Setter</tag>
<doc>Simulates mouse click on the element found by ``selector``.</doc>
<status status="PASS" start="2026-01-14T09:56:29.770898" elapsed="0.093700"/>
</kw>
<kw name="Wait For Elements State" owner="Browser">
<msg time="2026-01-14T09:56:30.074758" level="INFO">Waited for Element with selector //span[@aria-label='Nome do órgão; PORTARIA MESA'] at state visible</msg>
<arg>//span[@aria-label='Nome do órgão; PORTARIA MESA']</arg>
<arg>visible</arg>
<tag>PageContent</tag>
<tag>Wait</tag>
<doc>Waits for the element found by ``selector`` to satisfy state option.</doc>
<status status="PASS" start="2026-01-14T09:56:29.872504" elapsed="0.202756"/>
</kw>
<kw name="Click" owner="Browser">
<msg time="2026-01-14T09:56:30.078117" level="INFO">Clicks the element '//input[@name='PM']'.</msg>
<arg>//input[@name='PM']</arg>
<tag>PageContent</tag>
<tag>Setter</tag>
<doc>Simulates mouse click on the element found by ``selector``.</doc>
<status status="PASS" start="2026-01-14T09:56:30.076287" elapsed="0.294369"/>
</kw>
<kw name="Click" owner="Browser">
<msg time="2026-01-14T09:56:30.373843" level="INFO">Clicks the element '//button[normalize-space()='Confirmar seleção']'.</msg>
<arg>//button[normalize-space()='Confirmar seleção']</arg>
<tag>PageContent</tag>
<tag>Setter</tag>
<doc>Simulates mouse click on the element found by ``selector``.</doc>
<status status="PASS" start="2026-01-14T09:56:30.371807" elapsed="0.147932"/>
</kw>
<kw name="Fill Text" owner="Browser">
<msg time="2026-01-14T09:56:30.546595" level="INFO">Fills the text '999999' in the given field.</msg>
<arg>//input[@id='nuProcesso']</arg>
<arg>999999</arg>
<tag>PageContent</tag>
<tag>Setter</tag>
<doc>Clears and fills the given ``txt`` into the text field found by ``selector``.</doc>
<status status="PASS" start="2026-01-14T09:56:30.544365" elapsed="0.109334"/>
</kw>
<kw name="Fill Text" owner="Browser">
<msg time="2026-01-14T09:56:30.658174" level="INFO">Fills the text '2025' in the given field.</msg>
<arg>//input[@id='nuAno']</arg>
<arg>2025</arg>
<tag>PageContent</tag>
<tag>Setter</tag>
<doc>Clears and fills the given ``txt`` into the text field found by ``selector``.</doc>
<status status="PASS" start="2026-01-14T09:56:30.655698" elapsed="0.112198"/>
</kw>
<kw name="Click" owner="Browser">
<msg time="2026-01-14T09:56:30.775535" level="INFO">Clicks the element '//span[normalize-space()='Consultar']'.</msg>
<arg>//span[normalize-space()='Consultar']</arg>
<tag>PageContent</tag>
<tag>Setter</tag>
<doc>Simulates mouse click on the element found by ``selector``.</doc>
<status status="PASS" start="2026-01-14T09:56:30.773188" elapsed="0.149414"/>
</kw>
<kw name="Wait For Elements State" owner="Browser">
<msg time="2026-01-14T09:56:31.050729" level="INFO">Waited for Element with selector //p[@role='alert'] at state visible</msg>
<arg>//p[@role='alert']</arg>
<arg>visible</arg>
<tag>PageContent</tag>
<tag>Wait</tag>
<doc>Waits for the element found by ``selector`` to satisfy state option.</doc>
<status status="PASS" start="2026-01-14T09:56:30.923845" elapsed="0.127414"/>
</kw>
<kw name="Get Text" owner="Browser">
<msg time="2026-01-14T09:56:31.115361" level="INFO">Text: 'O processo/documento não foi encontrado ou possui algum nível de sigilo. Certifique-se de estar logado.'</msg>
<arg>//p[@role='alert']</arg>
<arg>*=</arg>
<arg>O processo/documento não foi encontrado</arg>
<tag>Assertion</tag>
<tag>Getter</tag>
<tag>PageContent</tag>
<doc>Returns text attribute of the element found by ``selector``.</doc>
<status status="PASS" start="2026-01-14T09:56:31.052865" elapsed="0.062905"/>
</kw>
<kw name="Take Screenshot" owner="Browser">
<msg time="2026-01-14T09:56:31.426509" level="INFO" html="true">&lt;/td&gt;&lt;/tr&gt;&lt;tr&gt;&lt;td colspan="3"&gt;&lt;a href="browser/screenshot/robotframework-browser-screenshot-3.png" target="_blank"&gt;&lt;img src="browser/screenshot/robotframework-browser-screenshot-3.png" width="800px"/&gt;&lt;/a&gt;</msg>
<tag>PageContent</tag>
<doc>Takes a screenshot of the current window or element and saves it to disk.</doc>
<status status="PASS" start="2026-01-14T09:56:31.117022" elapsed="0.309932"/>
</kw>
<msg time="2026-01-14T09:56:31.456257" level="INFO">Switching context to context=8f11e7d9-fe6f-42f3-804a-6384329978c3 in CURRENT</msg>
<msg time="2026-01-14T09:56:31.476319" level="INFO">Successfully changed active context: context=8f11e7d9-fe6f-42f3-804a-6384329978c3</msg>
<msg time="2026-01-14T09:56:31.558329" level="INFO">Successfully closed Context</msg>
<doc>Valida tela e testa fluxo completo de consulta de processos</doc>
<tag>consulta</tag>
<tag>fluxo</tag>
<tag>validacao</tag>
<status status="PASS" start="2026-01-14T09:56:23.684876" elapsed="7.744180"/>
</test>
<test id="s1-t4" name="Validar dados na tela de conferência de documentos" line="47">
<kw name="Configurar ambiente" owner="solar-parametros-funcionalidades" type="SETUP">
<kw name="New Browser" owner="Browser">
<msg time="2026-01-14T09:56:31.717532" level="INFO">Switching browser to browser=ea05e729-0faa-432e-91b7-9f856142aa26</msg>
<msg time="2026-01-14T09:56:31.723384" level="INFO">Successfully changed active browser: browser=ea05e729-0faa-432e-91b7-9f856142aa26</msg>
<msg time="2026-01-14T09:56:31.723936" level="INFO">Reusing existing browser with id: browser=ea05e729-0faa-432e-91b7-9f856142aa26</msg>
<arg>browser=${browser}</arg>
<arg>headless=${false}</arg>
<tag>BrowserControl</tag>
<tag>Setter</tag>
<doc>Create a new playwright Browser with specified options.</doc>
<status status="PASS" start="2026-01-14T09:56:31.715411" elapsed="0.008795"/>
</kw>
<kw name="New Context" owner="Browser">
<msg time="2026-01-14T09:56:31.737000" level="INFO">{
  "acceptDownloads": true,
  "bypassCSP": false,
  "forcedColors": "none",
  "ignoreHTTPSErrors": true,
  "javaScriptEnabled": true,
  "offline": false,
  "reducedMotion": "no-preference",
  "serviceWorkers": "allow",
  "viewport": {
    "height": 1080,
    "width": 1920
  }
}</msg>
<msg time="2026-01-14T09:56:31.762970" level="INFO">Successfully created context. </msg>
<msg time="2026-01-14T09:56:31.763277" level="INFO">{'acceptDownloads': True, 'bypassCSP': False, 'forcedColors': 'none', 'ignoreHTTPSErrors': True, 'javaScriptEnabled': True, 'offline': False, 'reducedMotion': 'no-preference', 'serviceWorkers': 'allow', 'viewport': {'height': 1080, 'width': 1920}}</msg>
<arg>viewport={'width': ${screenwidth}, 'height': ${screen_heigth}}</arg>
<arg>ignoreHTTPSErrors=True</arg>
<arg>acceptDownloads=True</arg>
<tag>BrowserControl</tag>
<tag>Setter</tag>
<doc>Create a new BrowserContext with specified options.</doc>
<status status="PASS" start="2026-01-14T09:56:31.724927" elapsed="0.038659"/>
</kw>
<kw name="Set Browser Timeout" owner="Browser">
<arg>25s</arg>
<tag>Config</tag>
<tag>Setter</tag>
<doc>Sets the timeout used by most input and getter keywords.</doc>
<status status="PASS" start="2026-01-14T09:56:31.764398" elapsed="0.002412"/>
</kw>
<kw name="Run Keyword If" owner="BuiltIn">
<kw name="Configuração de ambiente - Interna DES" owner="solar-parametros-funcionalidades">
<kw name="Delete All Cookies" owner="Browser">
<msg time="2026-01-14T09:56:31.788777" level="INFO">All cookies deleted.</msg>
<tag>BrowserControl</tag>
<tag>Setter</tag>
<doc>Deletes all cookies from the currently active browser context.</doc>
<status status="PASS" start="2026-01-14T09:56:31.771432" elapsed="0.017975"/>
</kw>
<kw name="Set Variable" owner="BuiltIn">
<msg time="2026-01-14T09:56:31.791139" level="INFO">${link_cliente} = https://solarbpm-des.ungp.softplan.com.br/</msg>
<var>${link_cliente}</var>
<arg>https://solarbpm-des.ungp.softplan.com.br/</arg>
<doc>Returns the given values which can then be assigned to a variables.</doc>
<status status="PASS" start="2026-01-14T09:56:31.790114" elapsed="0.001158"/>
</kw>
<kw name="Set Variable" owner="BuiltIn">
<msg time="2026-01-14T09:56:31.792556" level="INFO">${link_portal} = https://solarbpm-des.ungp.softplan.com.br/atendimento/inicio</msg>
<var>${link_portal}</var>
<arg>https://solarbpm-des.ungp.softplan.com.br/atendimento/inicio</arg>
<doc>Returns the given values which can then be assigned to a variables.</doc>
<status status="PASS" start="2026-01-14T09:56:31.791783" elapsed="0.000892"/>
</kw>
<kw name="Set Global Variable" owner="BuiltIn">
<msg time="2026-01-14T09:56:31.794148" level="INFO">${link_cliente} = https://solarbpm-des.ungp.softplan.com.br/</msg>
<arg>${link_cliente}</arg>
<doc>Makes a variable available globally in all tests and suites.</doc>
<status status="PASS" start="2026-01-14T09:56:31.793191" elapsed="0.001132"/>
</kw>
<kw name="Set Global Variable" owner="BuiltIn">
<msg time="2026-01-14T09:56:31.795924" level="INFO">${link_portal} = https://solarbpm-des.ungp.softplan.com.br/atendimento/inicio</msg>
<arg>${link_portal}</arg>
<doc>Makes a variable available globally in all tests and suites.</doc>
<status status="PASS" start="2026-01-14T09:56:31.794740" elapsed="0.001412"/>
</kw>
<kw name="Set Variable" owner="BuiltIn">
<msg time="2026-01-14T09:56:31.797560" level="INFO">${user_robot} = ROBOT</msg>
<var>${user_robot}</var>
<arg>ROBOT</arg>
<doc>Returns the given values which can then be assigned to a variables.</doc>
<status status="PASS" start="2026-01-14T09:56:31.796621" elapsed="0.001049"/>
</kw>
<kw name="Set Variable" owner="BuiltIn">
<msg time="2026-01-14T09:56:31.798694" level="INFO">${senha_robot} = SolarRobot@1</msg>
<var>${senha_robot}</var>
<arg>SolarRobot@1</arg>
<doc>Returns the given values which can then be assigned to a variables.</doc>
<status status="PASS" start="2026-01-14T09:56:31.798082" elapsed="0.000712"/>
</kw>
<kw name="Set Variable" owner="BuiltIn">
<msg time="2026-01-14T09:56:31.799841" level="INFO">${orgao} = SolarBPM</msg>
<var>${orgao}</var>
<arg>SolarBPM</arg>
<doc>Returns the given values which can then be assigned to a variables.</doc>
<status status="PASS" start="2026-01-14T09:56:31.799237" elapsed="0.000707"/>
</kw>
<kw name="Set Variable" owner="BuiltIn">
<msg time="2026-01-14T09:56:31.800931" level="INFO">${internacional} = nao</msg>
<var>${internacional}</var>
<arg>nao</arg>
<doc>Returns the given values which can then be assigned to a variables.</doc>
<status status="PASS" start="2026-01-14T09:56:31.800333" elapsed="0.000703"/>
</kw>
<kw name="Set Variable" owner="BuiltIn">
<msg time="2026-01-14T09:56:31.802534" level="INFO">${setor_encaminhamento} = SETOR1</msg>
<var>${setor_encaminhamento}</var>
<arg>SETOR1</arg>
<doc>Returns the given values which can then be assigned to a variables.</doc>
<status status="PASS" start="2026-01-14T09:56:31.801485" elapsed="0.001176"/>
</kw>
<kw name="Set Variable" owner="BuiltIn">
<msg time="2026-01-14T09:56:31.806318" level="INFO">${desc_setor_encaminhamento} = Setor um para teste de encaminhamento</msg>
<var>${desc_setor_encaminhamento}</var>
<arg>Setor um para teste de encaminhamento</arg>
<doc>Returns the given values which can then be assigned to a variables.</doc>
<status status="PASS" start="2026-01-14T09:56:31.803172" elapsed="0.003502"/>
</kw>
<kw name="Set Variable" owner="BuiltIn">
<msg time="2026-01-14T09:56:31.808996" level="INFO">${tipo_de_login} = padrao</msg>
<var>${tipo_de_login}</var>
<arg>padrao</arg>
<doc>Returns the given values which can then be assigned to a variables.</doc>
<status status="PASS" start="2026-01-14T09:56:31.807480" elapsed="0.001741"/>
</kw>
<kw name="Set Global Variable" owner="BuiltIn">
<msg time="2026-01-14T09:56:31.810957" level="INFO">${user_robot} = ROBOT</msg>
<arg>${user_robot}</arg>
<doc>Makes a variable available globally in all tests and suites.</doc>
<status status="PASS" start="2026-01-14T09:56:31.809851" elapsed="0.001302"/>
</kw>
<kw name="Set Global Variable" owner="BuiltIn">
<msg time="2026-01-14T09:56:31.812635" level="INFO">${senha_robot} = SolarRobot@1</msg>
<arg>${senha_robot}</arg>
<doc>Makes a variable available globally in all tests and suites.</doc>
<status status="PASS" start="2026-01-14T09:56:31.811627" elapsed="0.001190"/>
</kw>
<kw name="Set Global Variable" owner="BuiltIn">
<msg time="2026-01-14T09:56:31.814187" level="INFO">${orgao} = SolarBPM</msg>
<arg>${orgao}</arg>
<doc>Makes a variable available globally in all tests and suites.</doc>
<status status="PASS" start="2026-01-14T09:56:31.813267" elapsed="0.001096"/>
</kw>
<kw name="Set Global Variable" owner="BuiltIn">
<msg time="2026-01-14T09:56:31.815696" level="INFO">${internacional} = nao</msg>
<arg>${internacional}</arg>
<doc>Makes a variable available globally in all tests and suites.</doc>
<status status="PASS" start="2026-01-14T09:56:31.814780" elapsed="0.001135"/>
</kw>
<kw name="Import Variables" owner="BuiltIn">
<arg>C:\\Users\\nayara.vieira\\Downloads\\Robot-nova-versao\\variaveis\\vars_pt.py</arg>
<doc>Imports a variable file with the given path and optional arguments.</doc>
<status status="PASS" start="2026-01-14T09:56:31.816332" elapsed="0.002798"/>
</kw>
<kw name="Import Variables" owner="BuiltIn">
<arg>C:\\Users\\nayara.vieira\\Downloads\\Robot-nova-versao\\variaveis\\vars_des.py</arg>
<doc>Imports a variable file with the given path and optional arguments.</doc>
<status status="PASS" start="2026-01-14T09:56:31.819644" elapsed="0.001853"/>
</kw>
<kw name="Set Global Variable" owner="BuiltIn">
<msg time="2026-01-14T09:56:31.822973" level="INFO">${tipo_de_login} = padrao</msg>
<arg>${tipo_de_login}</arg>
<doc>Makes a variable available globally in all tests and suites.</doc>
<status status="PASS" start="2026-01-14T09:56:31.822010" elapsed="0.001135"/>
</kw>
<status status="PASS" start="2026-01-14T09:56:31.769600" elapsed="0.053806"/>
</kw>
<arg>'${cliente}' == 'preBarueri'</arg>
<arg>Configuração de ambiente em PRE - Barueri</arg>
<arg>ELSE IF</arg>
<arg>'${cliente}' == 'intDES'</arg>
<arg>Configuração de ambiente - Interna DES</arg>
<arg>ELSE IF</arg>
<arg>'${cliente}' == 'intDES2'</arg>
<arg>Configuração de ambiente - Interna DES2</arg>
<arg>ELSE IF</arg>
<arg>'${cliente}' == 'intCOR'</arg>
<arg>Configuração de ambiente - Interna COR</arg>
<arg>ELSE IF</arg>
<arg>'${cliente}' == 'intPRDT'</arg>
<arg>Configuração de ambiente - Interna Produto DES</arg>
<arg>ELSE IF</arg>
<arg>'${cliente}' == 'hmlMPSC'</arg>
<arg>Configuração de ambiente - MPSC HML</arg>
<arg>ELSE IF</arg>
<arg>'${cliente}' == 'Peru'</arg>
<arg>Configuração de ambiente - Internacionalização Peru</arg>
<arg>ELSE IF</arg>
<arg>'${cliente}' == 'hmlIMA'</arg>
<arg>Configuração de ambiente - HML IMA</arg>
<arg>ELSE IF</arg>
<arg>'${cliente}' == 'desPMF'</arg>
<arg>Configuração de ambiente - PMF DES</arg>
<arg>ELSE IF</arg>
<arg>'${cliente}' == 'hmlItapevi'</arg>
<arg>Configuração de ambiente - HML Itapevi</arg>
<arg>ELSE IF</arg>
<arg>'${cliente}' == 'hmlSemil'</arg>
<arg>Configuração de ambiente - Homologue Semil</arg>
<arg>ELSE IF</arg>
<arg>'${cliente}' == 'hmlCopasa'</arg>
<arg>Configuração de ambiente - HML Copasa</arg>
<arg>ELSE IF</arg>
<arg>'${cliente}' == 'hmlCamDiadema'</arg>
<arg>Configuração de ambiente - HML Camara de Diadema</arg>
<arg>ELSE</arg>
<arg>fail</arg>
<arg>Informar sigla de cliente. (Obs.: Não pode ser executado em PRO)</arg>
<doc>Runs the given keyword with the given arguments, if ``condition`` is true.</doc>
<status status="PASS" start="2026-01-14T09:56:31.767415" elapsed="0.056203"/>
</kw>
<status status="PASS" start="2026-01-14T09:56:31.713933" elapsed="0.110434"/>
</kw>
<kw name="Acessar tela de conferência de documentos" owner="solarBPMRegressaoPortalExternoKeywords">
<kw name="Abrir portal externo" owner="solarBPMRegressaoPortalExternoKeywords">
<kw name="New Page" owner="Browser">
<msg time="2026-01-14T09:56:34.459556" level="INFO">Successfully initialized new page object and opened url: https://solarbpm-des.ungp.softplan.com.br/atendimento/inicio</msg>
<arg>${link_portal}</arg>
<tag>BrowserControl</tag>
<tag>Setter</tag>
<doc>Open a new Page.</doc>
<status status="PASS" start="2026-01-14T09:56:31.829682" elapsed="2.630479"/>
</kw>
<kw name="Wait For Load State" owner="Browser">
<msg time="2026-01-14T09:56:34.463026" level="INFO">Waiting page load to state to receive networkidle in 25000.0</msg>
<msg time="2026-01-14T09:56:35.783651" level="INFO">Load state networkidle got in 25000</msg>
<arg>networkidle</arg>
<tag>PageContent</tag>
<tag>Wait</tag>
<doc>Waits that the page reaches the required load state.</doc>
<status status="PASS" start="2026-01-14T09:56:34.461090" elapsed="1.322957"/>
</kw>
<doc>Abre o portal externo no navegador</doc>
<status status="PASS" start="2026-01-14T09:56:31.828595" elapsed="3.955724"/>
</kw>
<kw name="Click" owner="Browser">
<msg time="2026-01-14T09:56:35.786106" level="INFO">Clicks the element '//a[@aria-label='Conferência de Documentos']//span[contains(text(),'Conferência de Documentos')]'.</msg>
<arg>//a[@aria-label='Conferência de Documentos']//span[contains(text(),'Conferência de Documentos')]</arg>
<tag>PageContent</tag>
<tag>Setter</tag>
<doc>Simulates mouse click on the element found by ``selector``.</doc>
<status status="PASS" start="2026-01-14T09:56:35.784733" elapsed="0.249483"/>
</kw>
<kw name="Wait For Elements State" owner="Browser">
<msg time="2026-01-14T09:56:36.188526" level="INFO">Waited for Element with selector //h2 at state visible</msg>
<arg>//h2</arg>
<arg>visible</arg>
<arg>10s</arg>
<tag>PageContent</tag>
<tag>Wait</tag>
<doc>Waits for the element found by ``selector`` to satisfy state option.</doc>
<status status="PASS" start="2026-01-14T09:56:36.034758" elapsed="0.154180"/>
</kw>
<kw name="Take Screenshot" owner="Browser">
<msg time="2026-01-14T09:56:36.511565" level="INFO" html="true">&lt;/td&gt;&lt;/tr&gt;&lt;tr&gt;&lt;td colspan="3"&gt;&lt;a href="browser/screenshot/robotframework-browser-screenshot-4.png" target="_blank"&gt;&lt;img src="browser/screenshot/robotframework-browser-screenshot-4.png" width="800px"/&gt;&lt;/a&gt;</msg>
<tag>PageContent</tag>
<doc>Takes a screenshot of the current window or element and saves it to disk.</doc>
<status status="PASS" start="2026-01-14T09:56:36.189516" elapsed="0.322438"/>
</kw>
<doc>Acessa a tela de conferência de documentos</doc>
<status status="PASS" start="2026-01-14T09:56:31.827183" elapsed="4.685088"/>
</kw>
<kw name="Get Text" owner="Browser">
<msg time="2026-01-14T09:56:36.587306" level="INFO">Text: 'Vá para o conteúdo\nSoftplan Planejamento e Sistemas\ncontrast\nAlto Contraste\nlanguage\nIdioma\nhome\nInício\nballot\nConsulta de Processos\nassignment\nConferência de Documentos\ncreate_new_folder\nSolicitação de Serviços\nexit_to_app\nEntrar\nVoltar\nConferência de Documentos\nConfira a autenticidade de uma cópia impressa relativa a um documento assinado digitalmente que estiver dentro de um processo administrativo.\nPara conferir insira o código disponível na lateral direita do documento assinado digitalmente.\nO nº do processo/documento é formatado por:\n1. Sigla do órgão\n2. Procedência\n3. Número sequencial\n4. Ano (4 dígitos)\nNº. Processo:\nÓrgão\nsearch\nInterno\nExterno\nFuncional\nProcedência\narrow_drop_down\nNúmero\n/\nAno\nlive_help\nCódigo do Documento\nCódigo do Documento*\nLimpar\nConsultar'</msg>
<arg>body</arg>
<arg>*=</arg>
<arg>Confira a autenticidade de uma cópia impressa</arg>
<tag>Assertion</tag>
<tag>Getter</tag>
<tag>PageContent</tag>
<doc>Returns text attribute of the element found by ``selector``.</doc>
<status status="PASS" start="2026-01-14T09:56:36.513177" elapsed="0.074488"/>
</kw>
<kw name="Get Text" owner="Browser">
<msg time="2026-01-14T09:56:36.631111" level="INFO">Text: 'Vá para o conteúdo\nSoftplan Planejamento e Sistemas\ncontrast\nAlto Contraste\nlanguage\nIdioma\nhome\nInício\nballot\nConsulta de Processos\nassignment\nConferência de Documentos\ncreate_new_folder\nSolicitação de Serviços\nexit_to_app\nEntrar\nVoltar\nConferência de Documentos\nConfira a autenticidade de uma cópia impressa relativa a um documento assinado digitalmente que estiver dentro de um processo administrativo.\nPara conferir insira o código disponível na lateral direita do documento assinado digitalmente.\nO nº do processo/documento é formatado por:\n1. Sigla do órgão\n2. Procedência\n3. Número sequencial\n4. Ano (4 dígitos)\nNº. Processo:\nÓrgão\nsearch\nInterno\nExterno\nFuncional\nProcedência\narrow_drop_down\nNúmero\n/\nAno\nlive_help\nCódigo do Documento\nCódigo do Documento*\nLimpar\nConsultar'</msg>
<arg>body</arg>
<arg>*=</arg>
<arg>Código do Documento</arg>
<tag>Assertion</tag>
<tag>Getter</tag>
<tag>PageContent</tag>
<doc>Returns text attribute of the element found by ``selector``.</doc>
<status status="PASS" start="2026-01-14T09:56:36.588609" elapsed="0.042969"/>
</kw>
<kw name="Wait For Elements State" owner="Browser">
<msg time="2026-01-14T09:56:36.647998" level="INFO">Waited for Element with selector //span[normalize-space()='Consultar'] at state visible</msg>
<arg>//span[normalize-space()='Consultar']</arg>
<arg>visible</arg>
<tag>PageContent</tag>
<tag>Wait</tag>
<doc>Waits for the element found by ``selector`` to satisfy state option.</doc>
<status status="PASS" start="2026-01-14T09:56:36.632698" elapsed="0.015774"/>
</kw>
<kw name="Take Screenshot" owner="Browser">
<msg time="2026-01-14T09:56:36.912431" level="INFO" html="true">&lt;/td&gt;&lt;/tr&gt;&lt;tr&gt;&lt;td colspan="3"&gt;&lt;a href="browser/screenshot/robotframework-browser-screenshot-5.png" target="_blank"&gt;&lt;img src="browser/screenshot/robotframework-browser-screenshot-5.png" width="800px"/&gt;&lt;/a&gt;</msg>
<tag>PageContent</tag>
<doc>Takes a screenshot of the current window or element and saves it to disk.</doc>
<status status="PASS" start="2026-01-14T09:56:36.649440" elapsed="0.263693"/>
</kw>
<msg time="2026-01-14T09:56:36.942303" level="INFO">Switching context to context=4ed15729-0c3c-48f7-9dfa-44bd9407cc55 in CURRENT</msg>
<msg time="2026-01-14T09:56:36.960502" level="INFO">Successfully changed active context: context=4ed15729-0c3c-48f7-9dfa-44bd9407cc55</msg>
<msg time="2026-01-14T09:56:37.031660" level="INFO">Successfully closed Context</msg>
<doc>Valida tela de conferência de documentos</doc>
<tag>conferencia</tag>
<tag>smoke</tag>
<tag>validacao</tag>
<status status="PASS" start="2026-01-14T09:56:31.696164" elapsed="5.218170"/>
</test>
<test id="s1-t5" name="Validar login e acesso ao portal" line="56">
<kw name="Configurar ambiente" owner="solar-parametros-funcionalidades" type="SETUP">
<kw name="New Browser" owner="Browser">
<msg time="2026-01-14T09:56:37.047615" level="INFO">Switching browser to browser=ea05e729-0faa-432e-91b7-9f856142aa26</msg>
<msg time="2026-01-14T09:56:37.055370" level="INFO">Successfully changed active browser: browser=ea05e729-0faa-432e-91b7-9f856142aa26</msg>
<msg time="2026-01-14T09:56:37.056267" level="INFO">Reusing existing browser with id: browser=ea05e729-0faa-432e-91b7-9f856142aa26</msg>
<arg>browser=${browser}</arg>
<arg>headless=${false}</arg>
<tag>BrowserControl</tag>
<tag>Setter</tag>
<doc>Create a new playwright Browser with specified options.</doc>
<status status="PASS" start="2026-01-14T09:56:37.044624" elapsed="0.012149"/>
</kw>
<kw name="New Context" owner="Browser">
<msg time="2026-01-14T09:56:37.090520" level="INFO">{
  "acceptDownloads": true,
  "bypassCSP": false,
  "forcedColors": "none",
  "ignoreHTTPSErrors": true,
  "javaScriptEnabled": true,
  "offline": false,
  "reducedMotion": "no-preference",
  "serviceWorkers": "allow",
  "viewport": {
    "height": 1080,
    "width": 1920
  }
}</msg>
<msg time="2026-01-14T09:56:37.163778" level="INFO">Successfully created context. </msg>
<msg time="2026-01-14T09:56:37.164161" level="INFO">{'acceptDownloads': True, 'bypassCSP': False, 'forcedColors': 'none', 'ignoreHTTPSErrors': True, 'javaScriptEnabled': True, 'offline': False, 'reducedMotion': 'no-preference', 'serviceWorkers': 'allow', 'viewport': {'height': 1080, 'width': 1920}}</msg>
<arg>viewport={'width': ${screenwidth}, 'height': ${screen_heigth}}</arg>
<arg>ignoreHTTPSErrors=True</arg>
<arg>acceptDownloads=True</arg>
<tag>BrowserControl</tag>
<tag>Setter</tag>
<doc>Create a new BrowserContext with specified options.</doc>
<status status="PASS" start="2026-01-14T09:56:37.058393" elapsed="0.106146"/>
</kw>
<kw name="Set Browser Timeout" owner="Browser">
<arg>25s</arg>
<tag>Config</tag>
<tag>Setter</tag>
<doc>Sets the timeout used by most input and getter keywords.</doc>
<status status="PASS" start="2026-01-14T09:56:37.166791" elapsed="0.003334"/>
</kw>
<kw name="Run Keyword If" owner="BuiltIn">
<kw name="Configuração de ambiente - Interna DES" owner="solar-parametros-funcionalidades">
<kw name="Delete All Cookies" owner="Browser">
<msg time="2026-01-14T09:56:37.198211" level="INFO">All cookies deleted.</msg>
<tag>BrowserControl</tag>
<tag>Setter</tag>
<doc>Deletes all cookies from the currently active browser context.</doc>
<status status="PASS" start="2026-01-14T09:56:37.175567" elapsed="0.023848"/>
</kw>
<kw name="Set Variable" owner="BuiltIn">
<msg time="2026-01-14T09:56:37.202148" level="INFO">${link_cliente} = https://solarbpm-des.ungp.softplan.com.br/</msg>
<var>${link_cliente}</var>
<arg>https://solarbpm-des.ungp.softplan.com.br/</arg>
<doc>Returns the given values which can then be assigned to a variables.</doc>
<status status="PASS" start="2026-01-14T09:56:37.200448" elapsed="0.001921"/>
</kw>
<kw name="Set Variable" owner="BuiltIn">
<msg time="2026-01-14T09:56:37.204267" level="INFO">${link_portal} = https://solarbpm-des.ungp.softplan.com.br/atendimento/inicio</msg>
<var>${link_portal}</var>
<arg>https://solarbpm-des.ungp.softplan.com.br/atendimento/inicio</arg>
<doc>Returns the given values which can then be assigned to a variables.</doc>
<status status="PASS" start="2026-01-14T09:56:37.203182" elapsed="0.001246"/>
</kw>
<kw name="Set Global Variable" owner="BuiltIn">
<msg time="2026-01-14T09:56:37.206580" level="INFO">${link_cliente} = https://solarbpm-des.ungp.softplan.com.br/</msg>
<arg>${link_cliente}</arg>
<doc>Makes a variable available globally in all tests and suites.</doc>
<status status="PASS" start="2026-01-14T09:56:37.205120" elapsed="0.001755"/>
</kw>
<kw name="Set Global Variable" owner="BuiltIn">
<msg time="2026-01-14T09:56:37.209220" level="INFO">${link_portal} = https://solarbpm-des.ungp.softplan.com.br/atendimento/inicio</msg>
<arg>${link_portal}</arg>
<doc>Makes a variable available globally in all tests and suites.</doc>
<status status="PASS" start="2026-01-14T09:56:37.207766" elapsed="0.001709"/>
</kw>
<kw name="Set Variable" owner="BuiltIn">
<msg time="2026-01-14T09:56:37.211666" level="INFO">${user_robot} = ROBOT</msg>
<var>${user_robot}</var>
<arg>ROBOT</arg>
<doc>Returns the given values which can then be assigned to a variables.</doc>
<status status="PASS" start="2026-01-14T09:56:37.210547" elapsed="0.001344"/>
</kw>
<kw name="Set Variable" owner="BuiltIn">
<msg time="2026-01-14T09:56:37.213502" level="INFO">${senha_robot} = SolarRobot@1</msg>
<var>${senha_robot}</var>
<arg>SolarRobot@1</arg>
<doc>Returns the given values which can then be assigned to a variables.</doc>
<status status="PASS" start="2026-01-14T09:56:37.212519" elapsed="0.001139"/>
</kw>
<kw name="Set Variable" owner="BuiltIn">
<msg time="2026-01-14T09:56:37.215976" level="INFO">${orgao} = SolarBPM</msg>
<var>${orgao}</var>
<arg>SolarBPM</arg>
<doc>Returns the given values which can then be assigned to a variables.</doc>
<status status="PASS" start="2026-01-14T09:56:37.214892" elapsed="0.001240"/>
</kw>
<kw name="Set Variable" owner="BuiltIn">
<msg time="2026-01-14T09:56:37.217605" level="INFO">${internacional} = nao</msg>
<var>${internacional}</var>
<arg>nao</arg>
<doc>Returns the given values which can then be assigned to a variables.</doc>
<status status="PASS" start="2026-01-14T09:56:37.216713" elapsed="0.001035"/>
</kw>
<kw name="Set Variable" owner="BuiltIn">
<msg time="2026-01-14T09:56:37.219203" level="INFO">${setor_encaminhamento} = SETOR1</msg>
<var>${setor_encaminhamento}</var>
<arg>SETOR1</arg>
<doc>Returns the given values which can then be assigned to a variables.</doc>
<status status="PASS" start="2026-01-14T09:56:37.218360" elapsed="0.000984"/>
</kw>
<kw name="Set Variable" owner="BuiltIn">
<msg time="2026-01-14T09:56:37.220730" level="INFO">${desc_setor_encaminhamento} = Setor um para teste de encaminhamento</msg>
<var>${desc_setor_encaminhamento}</var>
<arg>Setor um para teste de encaminhamento</arg>
<doc>Returns the given values which can then be assigned to a variables.</doc>
<status status="PASS" start="2026-01-14T09:56:37.219860" elapsed="0.001011"/>
</kw>
<kw name="Set Variable" owner="BuiltIn">
<msg time="2026-01-14T09:56:37.222343" level="INFO">${tipo_de_login} = padrao</msg>
<var>${tipo_de_login}</var>
<arg>padrao</arg>
<doc>Returns the given values which can then be assigned to a variables.</doc>
<status status="PASS" start="2026-01-14T09:56:37.221426" elapsed="0.001061"/>
</kw>
<kw name="Set Global Variable" owner="BuiltIn">
<msg time="2026-01-14T09:56:37.224287" level="INFO">${user_robot} = ROBOT</msg>
<arg>${user_robot}</arg>
<doc>Makes a variable available globally in all tests and suites.</doc>
<status status="PASS" start="2026-01-14T09:56:37.223038" elapsed="0.001487"/>
</kw>
<kw name="Set Global Variable" owner="BuiltIn">
<msg time="2026-01-14T09:56:37.226347" level="INFO">${senha_robot} = SolarRobot@1</msg>
<arg>${senha_robot}</arg>
<doc>Makes a variable available globally in all tests and suites.</doc>
<status status="PASS" start="2026-01-14T09:56:37.225076" elapsed="0.001499"/>
</kw>
<kw name="Set Global Variable" owner="BuiltIn">
<msg time="2026-01-14T09:56:37.228722" level="INFO">${orgao} = SolarBPM</msg>
<arg>${orgao}</arg>
<doc>Makes a variable available globally in all tests and suites.</doc>
<status status="PASS" start="2026-01-14T09:56:37.227119" elapsed="0.001925"/>
</kw>
<kw name="Set Global Variable" owner="BuiltIn">
<msg time="2026-01-14T09:56:37.231631" level="INFO">${internacional} = nao</msg>
<arg>${internacional}</arg>
<doc>Makes a variable available globally in all tests and suites.</doc>
<status status="PASS" start="2026-01-14T09:56:37.229788" elapsed="0.002197"/>
</kw>
<kw name="Import Variables" owner="BuiltIn">
<arg>C:\\Users\\nayara.vieira\\Downloads\\Robot-nova-versao\\variaveis\\vars_pt.py</arg>
<doc>Imports a variable file with the given path and optional arguments.</doc>
<status status="PASS" start="2026-01-14T09:56:37.234296" elapsed="0.004947"/>
</kw>
<kw name="Import Variables" owner="BuiltIn">
<arg>C:\\Users\\nayara.vieira\\Downloads\\Robot-nova-versao\\variaveis\\vars_des.py</arg>
<doc>Imports a variable file with the given path and optional arguments.</doc>
<status status="PASS" start="2026-01-14T09:56:37.240046" elapsed="0.002876"/>
</kw>
<kw name="Set Global Variable" owner="BuiltIn">
<msg time="2026-01-14T09:56:37.245091" level="INFO">${tipo_de_login} = padrao</msg>
<arg>${tipo_de_login}</arg>
<doc>Makes a variable available globally in all tests and suites.</doc>
<status status="PASS" start="2026-01-14T09:56:37.243661" elapsed="0.001694"/>
</kw>
<status status="PASS" start="2026-01-14T09:56:37.173938" elapsed="0.071799"/>
</kw>
<arg>'${cliente}' == 'preBarueri'</arg>
<arg>Configuração de ambiente em PRE - Barueri</arg>
<arg>ELSE IF</arg>
<arg>'${cliente}' == 'intDES'</arg>
<arg>Configuração de ambiente - Interna DES</arg>
<arg>ELSE IF</arg>
<arg>'${cliente}' == 'intDES2'</arg>
<arg>Configuração de ambiente - Interna DES2</arg>
<arg>ELSE IF</arg>
<arg>'${cliente}' == 'intCOR'</arg>
<arg>Configuração de ambiente - Interna COR</arg>
<arg>ELSE IF</arg>
<arg>'${cliente}' == 'intPRDT'</arg>
<arg>Configuração de ambiente - Interna Produto DES</arg>
<arg>ELSE IF</arg>
<arg>'${cliente}' == 'hmlMPSC'</arg>
<arg>Configuração de ambiente - MPSC HML</arg>
<arg>ELSE IF</arg>
<arg>'${cliente}' == 'Peru'</arg>
<arg>Configuração de ambiente - Internacionalização Peru</arg>
<arg>ELSE IF</arg>
<arg>'${cliente}' == 'hmlIMA'</arg>
<arg>Configuração de ambiente - HML IMA</arg>
<arg>ELSE IF</arg>
<arg>'${cliente}' == 'desPMF'</arg>
<arg>Configuração de ambiente - PMF DES</arg>
<arg>ELSE IF</arg>
<arg>'${cliente}' == 'hmlItapevi'</arg>
<arg>Configuração de ambiente - HML Itapevi</arg>
<arg>ELSE IF</arg>
<arg>'${cliente}' == 'hmlSemil'</arg>
<arg>Configuração de ambiente - Homologue Semil</arg>
<arg>ELSE IF</arg>
<arg>'${cliente}' == 'hmlCopasa'</arg>
<arg>Configuração de ambiente - HML Copasa</arg>
<arg>ELSE IF</arg>
<arg>'${cliente}' == 'hmlCamDiadema'</arg>
<arg>Configuração de ambiente - HML Camara de Diadema</arg>
<arg>ELSE</arg>
<arg>fail</arg>
<arg>Informar sigla de cliente. (Obs.: Não pode ser executado em PRO)</arg>
<doc>Runs the given keyword with the given arguments, if ``condition`` is true.</doc>
<status status="PASS" start="2026-01-14T09:56:37.171013" elapsed="0.075594"/>
</kw>
<status status="PASS" start="2026-01-14T09:56:37.043010" elapsed="0.207792"/>
</kw>
<kw name="Fazer login no portal externo" owner="solarBPMRegressaoPortalExternoKeywords">
<kw name="Abrir portal externo" owner="solarBPMRegressaoPortalExternoKeywords">
<kw name="New Page" owner="Browser">
<msg time="2026-01-14T09:56:41.157297" level="INFO">Successfully initialized new page object and opened url: https://solarbpm-des.ungp.softplan.com.br/atendimento/inicio</msg>
<arg>${link_portal}</arg>
<tag>BrowserControl</tag>
<tag>Setter</tag>
<doc>Open a new Page.</doc>
<status status="PASS" start="2026-01-14T09:56:37.272934" elapsed="3.885181"/>
</kw>
<kw name="Wait For Load State" owner="Browser">
<msg time="2026-01-14T09:56:41.162394" level="INFO">Waiting page load to state to receive networkidle in 25000.0</msg>
<msg time="2026-01-14T09:56:42.965982" level="INFO">Load state networkidle got in 25000</msg>
<arg>networkidle</arg>
<tag>PageContent</tag>
<tag>Wait</tag>
<doc>Waits that the page reaches the required load state.</doc>
<status status="PASS" start="2026-01-14T09:56:41.159309" elapsed="1.807145"/>
</kw>
<doc>Abre o portal externo no navegador</doc>
<status status="PASS" start="2026-01-14T09:56:37.271069" elapsed="5.695779"/>
</kw>
<kw name="Realizar login no portal externo" owner="portalexternokeywords">
<kw name="Delete All Cookies" owner="Browser">
<msg time="2026-01-14T09:56:42.988553" level="INFO">All cookies deleted.</msg>
<tag>BrowserControl</tag>
<tag>Setter</tag>
<doc>Deletes all cookies from the currently active browser context.</doc>
<status status="PASS" start="2026-01-14T09:56:42.968536" elapsed="0.020488"/>
</kw>
<kw name="Go To" owner="Browser">
<msg time="2026-01-14T09:56:43.466526" level="INFO">Successfully opened URL https://solarbpm-des.ungp.softplan.com.br/atendimento/inicio</msg>
<arg>${link_portal}</arg>
<tag>BrowserControl</tag>
<tag>Setter</tag>
<doc>Navigates to the given ``url``.</doc>
<status status="PASS" start="2026-01-14T09:56:42.989598" elapsed="0.477525"/>
</kw>
<kw name="Click" owner="Browser">
<msg time="2026-01-14T09:56:43.470792" level="INFO">Clicks the element '//*[@id="root"]/div/div/nav/ul/li[5]/a/span'.</msg>
<arg>//*[@id="root"]/div/div/nav/ul/li[5]/a/span</arg>
<tag>PageContent</tag>
<tag>Setter</tag>
<doc>Simulates mouse click on the element found by ``selector``.</doc>
<status status="PASS" start="2026-01-14T09:56:43.467820" elapsed="0.300411"/>
</kw>
<kw name="Run Keyword If" owner="BuiltIn">
<kw name="Validar com GovBr" owner="portalexternokeywords">
<kw name="Click" owner="Browser">
<msg time="2026-01-14T09:56:43.786357" level="INFO">Clicks the element '(//span[normalize-space()='Login e senha do sistema'])[1]'.</msg>
<arg>(//span[normalize-space()='Login e senha do sistema'])[1]</arg>
<tag>PageContent</tag>
<tag>Setter</tag>
<doc>Simulates mouse click on the element found by ``selector``.</doc>
<status status="PASS" start="2026-01-14T09:56:43.772088" elapsed="0.288730"/>
</kw>
<kw name="Fill Text" owner="Browser">
<msg time="2026-01-14T09:56:44.063666" level="INFO">Fills the text '571.142.400-90' in the given field.</msg>
<arg>//*[@id="identificacao"]</arg>
<arg>571.142.400-90</arg>
<tag>PageContent</tag>
<tag>Setter</tag>
<doc>Clears and fills the given ``txt`` into the text field found by ``selector``.</doc>
<status status="PASS" start="2026-01-14T09:56:44.061677" elapsed="0.082378"/>
</kw>
<kw name="Fill Text" owner="Browser">
<msg time="2026-01-14T09:56:44.146765" level="INFO">Fills the text 'SolarRobot@1' in the given field.</msg>
<arg>//*[@id="senha"]</arg>
<arg>SolarRobot@1</arg>
<tag>PageContent</tag>
<tag>Setter</tag>
<doc>Clears and fills the given ``txt`` into the text field found by ``selector``.</doc>
<status status="PASS" start="2026-01-14T09:56:44.144810" elapsed="0.081784"/>
</kw>
<kw name="Click" owner="Browser">
<msg time="2026-01-14T09:56:44.231876" level="INFO">Clicks the element '//*[@id="main-content"]/section/section/div[2]/div[1]/div[2]/div[1]/form/div[3]/button/span'.</msg>
<arg>//*[@id="main-content"]/section/section/div[2]/div[1]/div[2]/div[1]/form/div[3]/button/span</arg>
<tag>PageContent</tag>
<tag>Setter</tag>
<doc>Simulates mouse click on the element found by ``selector``.</doc>
<status status="PASS" start="2026-01-14T09:56:44.227750" elapsed="0.156825"/>
</kw>
<status status="PASS" start="2026-01-14T09:56:43.770494" elapsed="0.614522"/>
</kw>
<arg>'${login_gov_br}' == 'True'</arg>
<arg>Validar com GovBr</arg>
<arg>ELSE</arg>
<arg>Validar com login e senha do sistema</arg>
<doc>Runs the given keyword with the given arguments, if ``condition`` is true.</doc>
<status status="PASS" start="2026-01-14T09:56:43.768949" elapsed="0.616277"/>
</kw>
<status status="PASS" start="2026-01-14T09:56:42.967437" elapsed="1.418088"/>
</kw>
<doc>Faz login no portal externo</doc>
[...]
<arg>ELSE IF</arg>
<arg>'${cliente}' == 'intDES2'</arg>
<arg>Configuração de ambiente - Interna DES2</arg>
<arg>ELSE IF</arg>
<arg>'${cliente}' == 'intCOR'</arg>
<arg>Configuração de ambiente - Interna COR</arg>
<arg>ELSE IF</arg>
<arg>'${cliente}' == 'intPRDT'</arg>
<arg>Configuração de ambiente - Interna Produto DES</arg>
<arg>ELSE IF</arg>
<arg>'${cliente}' == 'hmlMPSC'</arg>
<arg>Configuração de ambiente - MPSC HML</arg>
<arg>ELSE IF</arg>
<arg>'${cliente}' == 'Peru'</arg>
<arg>Configuração de ambiente - Internacionalização Peru</arg>
<arg>ELSE IF</arg>
<arg>'${cliente}' == 'hmlIMA'</arg>
<arg>Configuração de ambiente - HML IMA</arg>
<arg>ELSE IF</arg>
<arg>'${cliente}' == 'desPMF'</arg>
<arg>Configuração de ambiente - PMF DES</arg>
<arg>ELSE IF</arg>
<arg>'${cliente}' == 'hmlItapevi'</arg>
<arg>Configuração de ambiente - HML Itapevi</arg>
<arg>ELSE IF</arg>
<arg>'${cliente}' == 'hmlSemil'</arg>
<arg>Configuração de ambiente - Homologue Semil</arg>
<arg>ELSE IF</arg>
<arg>'${cliente}' == 'hmlCopasa'</arg>
<arg>Configuração de ambiente - HML Copasa</arg>
<arg>ELSE IF</arg>
<arg>'${cliente}' == 'hmlCamDiadema'</arg>
<arg>Configuração de ambiente - HML Camara de Diadema</arg>
<arg>ELSE</arg>
<arg>fail</arg>
<arg>Informar sigla de cliente. (Obs.: Não pode ser executado em PRO)</arg>
<doc>Runs the given keyword with the given arguments, if ``condition`` is true.</doc>
<status status="PASS" start="2026-01-14T09:57:45.491262" elapsed="0.062186"/>
</kw>
<status status="PASS" start="2026-01-14T09:57:45.265222" elapsed="0.289238"/>
</kw>
<kw name="Acessar tela de solicitação de serviços" owner="solarBPMRegressaoPortalExternoKeywords">
<kw name="Abrir portal externo" owner="solarBPMRegressaoPortalExternoKeywords">
<kw name="New Page" owner="Browser">
<msg time="2026-01-14T09:57:48.986446" level="INFO">Successfully initialized new page object and opened url: https://solarbpm-des.ungp.softplan.com.br/atendimento/inicio</msg>
<arg>${link_portal}</arg>
<tag>BrowserControl</tag>
<tag>Setter</tag>
<doc>Open a new Page.</doc>
<status status="PASS" start="2026-01-14T09:57:45.720929" elapsed="3.266232"/>
</kw>
<kw name="Wait For Load State" owner="Browser">
<msg time="2026-01-14T09:57:48.990527" level="INFO">Waiting page load to state to receive networkidle in 25000.0</msg>
<msg time="2026-01-14T09:57:51.182320" level="INFO">Load state networkidle got in 25000</msg>
<arg>networkidle</arg>
<tag>PageContent</tag>
<tag>Wait</tag>
<doc>Waits that the page reaches the required load state.</doc>
<status status="PASS" start="2026-01-14T09:57:48.987908" elapsed="2.194865"/>
</kw>
<doc>Abre o portal externo no navegador</doc>
<status status="PASS" start="2026-01-14T09:57:45.719896" elapsed="5.463191"/>
</kw>
<kw name="Realizar login no portal externo" owner="portalexternokeywords">
<kw name="Delete All Cookies" owner="Browser">
<msg time="2026-01-14T09:57:51.193785" level="INFO">All cookies deleted.</msg>
<tag>BrowserControl</tag>
<tag>Setter</tag>
<doc>Deletes all cookies from the currently active browser context.</doc>
<status status="PASS" start="2026-01-14T09:57:51.184518" elapsed="0.009629"/>
</kw>
<kw name="Go To" owner="Browser">
<msg time="2026-01-14T09:57:51.659082" level="INFO">Successfully opened URL https://solarbpm-des.ungp.softplan.com.br/atendimento/inicio</msg>
<arg>${link_portal}</arg>
<tag>BrowserControl</tag>
<tag>Setter</tag>
<doc>Navigates to the given ``url``.</doc>
<status status="PASS" start="2026-01-14T09:57:51.194631" elapsed="0.464954"/>
</kw>
<kw name="Click" owner="Browser">
<msg time="2026-01-14T09:57:51.661791" level="INFO">Clicks the element '//*[@id="root"]/div/div/nav/ul/li[5]/a/span'.</msg>
<arg>//*[@id="root"]/div/div/nav/ul/li[5]/a/span</arg>
<tag>PageContent</tag>
<tag>Setter</tag>
<doc>Simulates mouse click on the element found by ``selector``.</doc>
<status status="PASS" start="2026-01-14T09:57:51.660146" elapsed="0.267833"/>
</kw>
<kw name="Run Keyword If" owner="BuiltIn">
<kw name="Validar com GovBr" owner="portalexternokeywords">
<kw name="Click" owner="Browser">
<msg time="2026-01-14T09:57:51.933267" level="INFO">Clicks the element '(//span[normalize-space()='Login e senha do sistema'])[1]'.</msg>
<arg>(//span[normalize-space()='Login e senha do sistema'])[1]</arg>
<tag>PageContent</tag>
<tag>Setter</tag>
<doc>Simulates mouse click on the element found by ``selector``.</doc>
<status status="PASS" start="2026-01-14T09:57:51.931796" elapsed="0.060684"/>
</kw>
<kw name="Fill Text" owner="Browser">
<msg time="2026-01-14T09:57:51.994884" level="INFO">Fills the text '571.142.400-90' in the given field.</msg>
<arg>//*[@id="identificacao"]</arg>
<arg>571.142.400-90</arg>
<tag>PageContent</tag>
<tag>Setter</tag>
<doc>Clears and fills the given ``txt`` into the text field found by ``selector``.</doc>
<status status="PASS" start="2026-01-14T09:57:51.993175" elapsed="0.092157"/>
</kw>
<kw name="Fill Text" owner="Browser">
<msg time="2026-01-14T09:57:52.088228" level="INFO">Fills the text 'SolarRobot@1' in the given field.</msg>
<arg>//*[@id="senha"]</arg>
<arg>SolarRobot@1</arg>
<tag>PageContent</tag>
<tag>Setter</tag>
<doc>Clears and fills the given ``txt`` into the text field found by ``selector``.</doc>
<status status="PASS" start="2026-01-14T09:57:52.086027" elapsed="0.079118"/>
</kw>
<kw name="Click" owner="Browser">
<msg time="2026-01-14T09:57:52.168061" level="INFO">Clicks the element '//*[@id="main-content"]/section/section/div[2]/div[1]/div[2]/div[1]/form/div[3]/button/span'.</msg>
<arg>//*[@id="main-content"]/section/section/div[2]/div[1]/div[2]/div[1]/form/div[3]/button/span</arg>
<tag>PageContent</tag>
<tag>Setter</tag>
<doc>Simulates mouse click on the element found by ``selector``.</doc>
<status status="PASS" start="2026-01-14T09:57:52.166143" elapsed="0.097922"/>
</kw>
<status status="PASS" start="2026-01-14T09:57:51.930722" elapsed="0.333739"/>
</kw>
<arg>'${login_gov_br}' == 'True'</arg>
<arg>Validar com GovBr</arg>
<arg>ELSE</arg>
<arg>Validar com login e senha do sistema</arg>
<doc>Runs the given keyword with the given arguments, if ``condition`` is true.</doc>
<status status="PASS" start="2026-01-14T09:57:51.929118" elapsed="0.335580"/>
</kw>
<status status="PASS" start="2026-01-14T09:57:51.183595" elapsed="1.081346"/>
</kw>
<kw name="Click" owner="Browser">
<msg time="2026-01-14T09:57:52.267022" level="INFO">Clicks the element '//a[@aria-label='Solicitação de Serviços']//span[contains(text(),'Solicitação de Serviços')]'.</msg>
<arg>//a[@aria-label='Solicitação de Serviços']//span[contains(text(),'Solicitação de Serviços')]</arg>
<tag>PageContent</tag>
<tag>Setter</tag>
<doc>Simulates mouse click on the element found by ``selector``.</doc>
<status status="PASS" start="2026-01-14T09:57:52.265365" elapsed="0.105396"/>
</kw>
<kw name="Wait For Load State" owner="Browser">
<msg time="2026-01-14T09:57:52.374539" level="INFO">Waiting page load to state to receive networkidle in 25000.0</msg>
<msg time="2026-01-14T09:57:53.677102" level="INFO">Load state networkidle got in 25000</msg>
<arg>networkidle</arg>
<tag>PageContent</tag>
<tag>Wait</tag>
<doc>Waits that the page reaches the required load state.</doc>
<status status="PASS" start="2026-01-14T09:57:52.371904" elapsed="1.305573"/>
</kw>
<kw name="Wait For Elements State" owner="Browser">
<msg time="2026-01-14T09:57:53.692316" level="INFO">Waited for Element with selector //h2[@aria-label='Solicitação de Serviços'] at state visible</msg>
<arg>//h2[@aria-label='Solicitação de Serviços']</arg>
<arg>visible</arg>
<arg>10s</arg>
<tag>PageContent</tag>
<tag>Wait</tag>
<doc>Waits for the element found by ``selector`` to satisfy state option.</doc>
<status status="PASS" start="2026-01-14T09:57:53.678030" elapsed="0.014661"/>
</kw>
<kw name="Take Screenshot" owner="Browser">
<msg time="2026-01-14T09:57:54.087619" level="INFO" html="true">&lt;/td&gt;&lt;/tr&gt;&lt;tr&gt;&lt;td colspan="3"&gt;&lt;a href="browser/screenshot/robotframework-browser-screenshot-18.png" target="_blank"&gt;&lt;img src="browser/screenshot/robotframework-browser-screenshot-18.png" width="800px"/&gt;&lt;/a&gt;</msg>
<tag>PageContent</tag>
<doc>Takes a screenshot of the current window or element and saves it to disk.</doc>
<status status="PASS" start="2026-01-14T09:57:53.693178" elapsed="0.395027"/>
</kw>
<doc>Acessa a tela de Solicitação de Serviços no portal externo</doc>
<status status="PASS" start="2026-01-14T09:57:45.718622" elapsed="8.369962"/>
</kw>
<kw name="Validar elementos da tela solicitação de serviços" owner="solarBPMRegressaoPortalExternoKeywords">
<kw name="Wait For Elements State" owner="Browser">
<msg time="2026-01-14T09:57:54.105771" level="INFO">Waited for Element with selector //h2[@aria-label='Solicitação de Serviços'] at state visible</msg>
<arg>//h2[@aria-label='Solicitação de Serviços']</arg>
<arg>visible</arg>
<arg>10s</arg>
<tag>PageContent</tag>
<tag>Wait</tag>
<doc>Waits for the element found by ``selector`` to satisfy state option.</doc>
<status status="PASS" start="2026-01-14T09:57:54.091290" elapsed="0.014914"/>
</kw>
<kw name="Get Text" owner="Browser">
<msg time="2026-01-14T09:57:54.227835" level="INFO">Text: 'Vá para o conteúdo\nSoftplan Planejamento e Sistemas\ncontrast\nAlto Contraste\nlanguage\nIdioma\nInteressado teste - Robot\n\n571.142.400-90\n\nhome\nInício\nballot\nConsulta de Processos\nassignment\nConferência de Documentos\ncreate_new_folder\nSolicitação de Serviços\nlibrary_books\nMeus Processos\nMinhas Pendências\n\xa0\n(165)\nfolder\nProcessos Liberados\nmanage_accounts\nMeus Dados\npassword\nTrocar Senha\nexit_to_app\nSair\nVoltar\n\n\nMeus processos\nInteressado teste - Robot\n\n571.142.400-90\n\nEM ANDAMENTO (3116)\nCONCLUÍDOS (114)\n\nExportar:\n\nDocumento em PDF\nPlanilha em XLS\nlive_help\nAssunto exemplo Robot - ad hoc\nsubject\n\nSolarBPM I 00000592/2026\n\ndate_range\nData de abertura:\n13/01/2026\nbusiness\n\nSolarBPM/DIGITAL\n\nAssunto exemplo Robot - ad hoc\nsubject\n\nSolarBPM I 00000591/2026\n\ndate_range\nData de abertura:\n13/01/2026\nbusiness\n\nSolarBPM/DIGITAL\n\nAssunto exemplo Robot - ad hoc\nsubject\n\nSolarBPM I 00000590/2026\n\ndate_range\nData de abertura:\n13/01/2026\nbusiness\n\nSolarBPM/DIGITAL\n\nAssunto exemplo Robot - ad hoc\nsubject\n\nSolarBPM I 00000589/2026\n\ndate_range\nData de abertura:\n13/01/2026\nbusiness\n\nSolarBPM/DIGITAL\n\nAssunto exemplo Robot - ad hoc\nsubject\n\nSolarBPM I 00000588/2026\n\ndate_range\nData de abertura:\n13/01/2026\nbusiness\n\nSolarBPM/DIGITAL\n\nAssunto exemplo Robot - ad hoc\nsubject\n\nSolarBPM I 00000587/2026\n\ndate_range\nData de abertura:\n13/01/2026\nbusiness\n\nSolarBPM/DIGITAL\n\nAssunto exemplo Robot - ad hoc\nsubject\n\nSolarBPM I 00000586/2026\n\ndate_range\nData de abertura:\n13/01/2026\nbusiness\n\nSolarBPM/DIGITAL\n\nAssunto exemplo Robot - ad hoc\nsubject\n\nSolarBPM I 00000585/2026\n\ndate_range\nData de abertura:\n13/01/2026\nbusiness\n\nSolarBPM/DIGITAL\n\nAssunto exemplo Robot - ad hoc\nsubject\n\nSolarBPM I 00000584/2026\n\ndate_range\nData de abertura:\n13/01/2026\nbusiness\n\nSolarBPM/DIGITAL\n\nAssunto exemplo Robot - ad hoc\nsubject\n\nSolarBPM I 00000583/2026\n\ndate_range\nData de abertura:\n13/01/2026\nbusiness\n\nSolarBPM/DIGITAL\n\nAssunto exemplo Robot - ad hoc\nsubject\n\nSolarBPM I 00000582/2026\n\ndate_range\nData de abertura:\n13/01/2026\nbusiness\n\nSolarBPM/DIGITAL\n\nAssunto exemplo Robot - ad hoc\nsubject\n\nSolarBPM I 00000581/2026\n\ndate_range\nData de abertura:\n13/01/2026\nbusiness\n\nSolarBPM/DIGITAL\n\nAssunto exemplo Robot - ad hoc\nsubject\n\nSolarBPM I 00000580/2026\n\ndate_range\nData de abertura:\n13/01/2026\nbusiness\n\nSolarBPM/DIGITAL\n\nAssunto exemplo Robot - ad hoc\nsubject\n\nSolarBPM I 00000579/2026\n\ndate_range\nData de abertura:\n13/01/2026\nbusiness\n\nSolarBPM/DIGITAL\n\nAssunto exemplo Robot - ad hoc\nsubject\n\nSolarBPM I 00000578/2026\n\ndate_range\nData de abertura:\n13/01/2026\nbusiness\n\nSolarBPM/DIGITAL\n\nAssunto exemplo Robot - ad hoc\nsubject\n\nSolarBPM I 00000577/2026\n\ndate_range\nData de abertura:\n13/01/2026\nbusiness\n\nSolarBPM/DIGITAL\n\nAssunto exemplo Robot - ad hoc\nsubject\n\nSolarBPM I 00000576/2026\n\ndate_range\nData de abertura:\n13/01/2026\nbusiness\n\nSolarBPM/DIGITAL\n\nAssunto exemplo Robot - ad hoc\nsubject\n\nSolarBPM I 00000575/2026\n\ndate_range\nData de abertura:\n13/01/2026\nbusiness\n\nSolarBPM/DIGITAL\n\nAssunto exemplo Robot - ad hoc\nsubject\n\nSolarBPM I 00000574/2026\n\ndate_range\nData de abertura:\n13/01/2026\nbusiness\n\nSolarBPM/DIGITAL\n\nAssunto exemplo Robot - ad hoc\nsubject\n\nSolarBPM I 00000573/2026\n\ndate_range\nData de abertura:\n13/01/2026\nbusiness\n\nSolarBPM/DIGITAL\n\nAssunto exemplo Robot - ad hoc\nsubject\n\nSolarBPM I 00000572/2026\n\ndate_range\nData de abertura:\n13/01/2026\nbusiness\n\nSolarBPM/DIGITAL\n\nAssunto exemplo Robot - ad hoc\nsubject\n\nSolarBPM I 00000571/2026\n\ndate_range\nData de abertura:\n13/01/2026\nbusiness\n\nSolarBPM/DIGITAL\n\nAssunto exemplo Robot - ad hoc\nsubject\n\nSolarBPM I 00000570/2026\n\ndate_range\nData de abertura:\n13/01/2026\nbusiness\n\nSolarBPM/DIGITAL\n\nAssunto exemplo Robot - ad hoc\nsubject\n\nSolarBPM I 00000569/2026\n\ndate_range\nData de abertura:\n13/01/2026\nbusiness\n\nSolarBPM/SETOR SOFTPLAN\n\nAssunto exemplo Robot - ad hoc\nsubject\n\nSolarBPM I 00000567/2026\n\ndate_range\nData de abertura:\n13/01/2026\nbusiness\n\nSolarBPM/DIGITAL\n\nAssunto exemplo Robot - ad hoc\nsubject\n\nSolarBPM I 00000566/2026\n\ndate_range\nData de abertura:\n13/01/2026\nbusiness\n\nSolarBPM/DIGITAL\n\nAssunto exemplo Robot - ad hoc\nsubject\n\nSolarBPM I 00000565/2026\n\ndate_range\nData de abertura:\n13/01/2026\nbusiness\n\nSolarBPM/SETOR SOFTPLAN\n\nAssunto exemplo Robot - ad hoc\nsubject\n\nSolarBPM I 00000563/2026\n\ndate_range\nData de abertura:\n13/01/2026\nbusiness\n\nSolarBPM/SETOR SOFTPLAN\n\nAssunto exemplo Robot - ad hoc\nsubject\n\nSolarBPM I 00000562/2026\n\ndate_range\nData de abertura:\n13/01/2026\nbusiness\n\nSolarBPM/DIGITAL\n\nAssunto exemplo Robot - ad hoc\nsubject\n\nSolarBPM I 00000561/2026\n\ndate_range\nData de abertura:\n13/01/2026\nbusiness\n\nSolarBPM/DIGITAL\n\nAssunto exemplo Robot - ad hoc\nsubject\n\nSolarBPM I 00000560/2026\n\ndate_range\nData de abertura:\n13/01/2026\nbusiness\n\nSolarBPM/DIGITAL\n\nAssunto exemplo Robot - ad hoc\nsubject\n\nSolarBPM I 00000559/2026\n\ndate_range\nData de abertura:\n13/01/2026\nbusiness\n\nSolarBPM/DIGITAL\n\nAssunto exemplo Robot - ad hoc\nsubject\n\nSolarBPM I 00000558/2026\n\ndate_range\nData de abertura:\n13/01/2026\nbusiness\n\nSolarBPM/DIGITAL\n\nAssunto exemplo Robot - ad hoc\nsubject\n\nSolarBPM I 00000557/2026\n\ndate_range\nData de abertura:\n13/01/2026\nbusiness\n\nSolarBPM/DIGITAL\n\nAssunto exemplo Robot - ad hoc\nsubject\n\nSolarBPM I 00000556/2026\n\ndate_range\nData de abertura:\n13/01/2026\nbusiness\n\nSolarBPM/DIGITAL\n\nAssunto exemplo Robot - ad hoc\nsubject\n\nSolarBPM I 00000555/2026\n\ndate_range\nData de abertura:\n13/01/2026\nbusiness\n\nSolarBPM/DIGITAL\n\nAssunto exemplo Robot - ad hoc\nsubject\n\nSolarBPM I 00000554/2026\n\ndate_range\nData de abertura:\n13/01/2026\nbusiness\n\nSolarBPM/DIGITAL\n\nAssunto exemplo Robot - ad hoc\nsubject\n\nSolarBPM I 00000553/2026\n\ndate_range\nData de abertura:\n13/01/2026\nbusiness\n\nSolarBPM/DIGITAL\n\nAssunto exemplo Robot - ad hoc\nsubject\n\nSolarBPM I 00000552/2026\n\ndate_range\nData de abertura:\n13/01/2026\nbusiness\n\nSolarBPM/DIGITAL\n\nAssunto exemplo Robot - ad hoc\nsubject\n\nSolarBPM I 00000551/2026\n\ndate_range\nData de abertura:\n13/01/2026\nbusiness\n\nSolarBPM/DIGITAL\n\nAssunto exemplo Robot - ad hoc\nsubject\n\nSolarBPM I 00000550/2026\n\ndate_range\nData de abertura:\n13/01/2026\nbusiness\n\nSolarBPM/DIGITAL\n\nAssunto exemplo Robot - ad hoc\nsubject\n\nSolarBPM I 00000549/2026\n\ndate_range\nData de abertura:\n13/01/2026\nbusiness\n\nSolarBPM/DIGITAL\n\nAssunto exemplo Robot - ad hoc\nsubject\n\nSolarBPM I 00000548/2026\n\ndate_range\nData de abertura:\n13/01/2026\nbusiness\n\nSolarBPM/DIGITAL\n\nAssunto exemplo Robot - ad hoc\nsubject\n\nSolarBPM I 00000547/2026\n\ndate_range\nData de abertura:\n13/01/2026\nbusiness\n\nSolarBPM/DIGITAL\n\nAssunto exemplo Robot - ad hoc\nsubject\n\nSolarBPM I 00000546/2026\n\ndate_range\nData de abertura:\n13/01/2026\nbusiness\n\nSolarBPM/DIGITAL\n\nAssunto exemplo Robot - ad hoc\nsubject\n\nSolarBPM I 00000545/2026\n\ndate_range\nData de abertura:\n12/01/2026\nbusiness\n\nSolarBPM/DIGITAL\n\nAssunto exemplo Robot - ad hoc\nsubject\n\nSolarBPM I 00000544/2026\n\ndate_range\nData de abertura:\n12/01/2026\nbusiness\n\nSolarBPM/DIGITAL\n\nAssunto exemplo Robot - ad hoc\nsubject\n\nSolarBPM I 00000543/2026\n\ndate_range\nData de abertura:\n12/01/2026\nbusiness\n\nSolarBPM/DIGITAL\n\nAssunto exemplo Robot - ad hoc\nsubject\n\nSolarBPM I 00000542/2026\n\ndate_range\nData de abertura:\n12/01/2026\nbusiness\n\nSolarBPM/DIGITAL\n\nAssunto exemplo Robot - ad hoc\nsubject\n\nSolarBPM I 00000541/2026\n\ndate_range\nData de abertura:\n12/01/2026\nbusiness\n\nSolarBPM/DIGITAL'</msg>
<arg>body</arg>
<arg>*=</arg>
<arg>Solicitação de Serviços</arg>
<tag>Assertion</tag>
<tag>Getter</tag>
<tag>PageContent</tag>
<doc>Returns text attribute of the element found by ``selector``.</doc>
<status status="PASS" start="2026-01-14T09:57:54.106700" elapsed="0.122075"/>
</kw>
<kw name="Take Screenshot" owner="Browser">
<msg time="2026-01-14T09:57:54.616984" level="INFO" html="true">&lt;/td&gt;&lt;/tr&gt;&lt;tr&gt;&lt;td colspan="3"&gt;&lt;a href="browser/screenshot/robotframework-browser-screenshot-19.png" target="_blank"&gt;&lt;img src="browser/screenshot/robotframework-browser-screenshot-19.png" width="800px"/&gt;&lt;/a&gt;</msg>
<tag>PageContent</tag>
<doc>Takes a screenshot of the current window or element and saves it to disk.</doc>
<status status="PASS" start="2026-01-14T09:57:54.229359" elapsed="0.388057"/>
</kw>
<doc>Valida que elementos da tela Solicitação de Serviços estão presentes</doc>
<status status="PASS" start="2026-01-14T09:57:54.089925" elapsed="0.527834"/>
</kw>
<msg time="2026-01-14T09:57:54.644211" level="INFO">Switching context to context=a646afb6-efec-4ec8-b2ad-ec7723f2052d in CURRENT</msg>
<msg time="2026-01-14T09:57:54.660671" level="INFO">Successfully changed active context: context=a646afb6-efec-4ec8-b2ad-ec7723f2052d</msg>
<msg time="2026-01-14T09:57:54.717333" level="INFO">Successfully closed Context</msg>
<doc>Valida acesso à tela de Solicitação de Serviços e elementos disponíveis</doc>
<tag>logado</tag>
<tag>servicos</tag>
<tag>solicitacao</tag>
<tag>validacao</tag>
<status status="PASS" start="2026-01-14T09:57:45.256361" elapsed="9.362346"/>
</test>
<doc>Testes automatizados de regressão do Portal Externo do Solar BPM</doc>
<status status="PASS" start="2026-01-14T09:56:00.924548" elapsed="113.796793"/>
</suite>
<statistics>
<total>
<stat pass="12" fail="0" skip="0">All Tests</stat>
</total>
<tag>
<stat pass="1" fail="0" skip="0">acesso</stat>
<stat pass="1" fail="0" skip="0">conferencia</stat>
<stat pass="1" fail="0" skip="0">consulta</stat>
<stat pass="1" fail="0" skip="0">fluxo</stat>
<stat pass="1" fail="0" skip="0">inicio</stat>
<stat pass="1" fail="0" skip="0">liberados</stat>
<stat pass="7" fail="0" skip="0">logado</stat>
<stat pass="1" fail="0" skip="0">login</stat>
<stat pass="1" fail="0" skip="0">logout</stat>
<stat pass="1" fail="0" skip="0">meus-dados</stat>
<stat pass="1" fail="0" skip="0">pendencias</stat>
<stat pass="1" fail="0" skip="0">portal</stat>
<stat pass="1" fail="0" skip="0">processos</stat>
<stat pass="1" fail="0" skip="0">senha</stat>
<stat pass="1" fail="0" skip="0">servicos</stat>
<stat pass="4" fail="0" skip="0">smoke</stat>
<stat pass="1" fail="0" skip="0">solicitacao</stat>
<stat pass="11" fail="0" skip="0">validacao</stat>
</tag>
<suite>
<stat name="Regressaoportalexterno" id="s1" pass="12" fail="0" skip="0">Regressaoportalexterno</stat>
</suite>
</statistics>
<errors>
</errors>
</robot>
